<?xml version="1.0" encoding="utf-8"?><testsuites name="pytest tests"><testsuite name="pytest" errors="0" failures="0" skipped="23" tests="25" time="56.628" timestamp="2026-04-03T01:40:10.971769+00:00" hostname="coder1281aonubuntu2004-s-2vcpu-8gb-amd-nyc3-01"><properties><property name="hypothesis-statistics-tests/integration/test_api_schema_schemathesis.py::test_gateway_openapi_schema" value="dGVzdHMvaW50ZWdyYXRpb24vdGVzdF9hcGlfc2NoZW1hX3NjaGVtYXRoZXNpcy5weTo6dGVzdF9nYXRld2F5X29wZW5hcGlfc2NoZW1hOgoKICAtIGR1cmluZyBnZW5lcmF0ZSBwaGFzZSAoMS4wMyBzZWNvbmRzKToKICAgIC0gVHlwaWNhbCBydW50aW1lczogfiAwLTYgbXMsIG9mIHdoaWNoIH4gMC00IG1zIGluIGRhdGEgZ2VuZXJhdGlvbgogICAgLSAwIHBhc3NpbmcgZXhhbXBsZXMsIDAgZmFpbGluZyBleGFtcGxlcywgNDU5IGludmFsaWQgZXhhbXBsZXMKICAgIC0gRXZlbnRzOgogICAgICAqIDEwMC4wMCUsIFJldHJpZWQgZHJhdyBmcm9tIGludGVnZXJzKCkuZmlsdGVyKGxhbWJkYSB4OiBub3QgY29udGFpbnNfdW5pY29kZV9zdXJyb2dhdGVfcGFpcih4KSkubWFwKGpzb25pZnkpLmZpbHRlcihfZG9lc19ub3RfbWF0Y2hfdGhlX29yaWdpbmFsX3NjaGVtYSkgdG8gc2F0aXNmeSBmaWx0ZXIKICAgICAgKiAxMDAuMDAlLCBpbnZhbGlkIGJlY2F1c2U6IEFib3J0ZWQgdGVzdCBiZWNhdXNlIHVuYWJsZSB0byBzYXRpc2Z5IGludGVnZXJzKCkuZmlsdGVyKGxhbWJkYSB4OiBub3QgY29udGFpbnNfdW5pY29kZV9zdXJyb2dhdGVfcGFpcih4KSkubWFwKGpzb25pZnkpLmZpbHRlcihfZG9lc19ub3RfbWF0Y2hfdGhlX29yaWdpbmFsX3NjaGVtYSkKCiAgLSBTdG9wcGVkIGJlY2F1c2Ugc2V0dGluZ3MubWF4X2V4YW1wbGVzPTEsIGJ1dCA8IDElIG9mIGV4YW1wbGVzIHNhdGlzZmllZCBhc3N1bXB0aW9ucw==" /></properties><testcase classname="tests.integration.test_api_schema_schemathesis" name="test_gateway_openapi_schema" time="56.195" /><testcase classname="tests.integration.test_api_schema_schemathesis" name="test_gateway_openapi_schema[GET /]" time="0.003"><skipped type="pytest.skip" message="Operation excluded from stable Schemathesis contract run">/root/GitHub/VECINA/vecinita/backend/tests/integration/test_api_schema_schemathesis.py:165: Operation excluded from stable Schemathesis contract run</skipped></testcase><testcase classname="tests.integration.test_api_schema_schemathesis" name="test_gateway_openapi_schema[GET /health]" time="0.003"><skipped type="pytest.skip" message="Operation excluded from stable Schemathesis contract run">/root/GitHub/VECINA/vecinita/backend/tests/integration/test_api_schema_schemathesis.py:165: Operation excluded from stable Schemathesis contract run</skipped></testcase><testcase classname="tests.integration.test_api_schema_schemathesis" name="test_gateway_openapi_schema[GET /config]" time="0.002"><skipped type="pytest.skip" message="Operation excluded from stable Schemathesis contract run">/root/GitHub/VECINA/vecinita/backend/tests/integration/test_api_schema_schemathesis.py:165: Operation excluded from stable Schemathesis contract run</skipped></testcase><testcase classname="tests.integration.test_api_schema_schemathesis" name="test_gateway_openapi_schema[GET /api/v1/ask]" time="0.954"><skipped type="pytest.skip" message="Operation excluded from stable Schemathesis contract run">/root/GitHub/VECINA/vecinita/backend/tests/integration/test_api_schema_schemathesis.py:165: Operation excluded from stable Schemathesis contract run</skipped></testcase><testcase classname="tests.integration.test_api_schema_schemathesis" name="test_gateway_openapi_schema[GET /api/v1/ask/stream]" time="0.004"><skipped type="pytest.skip" message="Operation excluded from stable Schemathesis contract run">/root/GitHub/VECINA/vecinita/backend/tests/integration/test_api_schema_schemathesis.py:165: Operation excluded from stable Schemathesis contract run</skipped></testcase><testcase classname="tests.integration.test_api_schema_schemathesis" name="test_gateway_openapi_schema[GET /api/v1/ask/config]" time="0.002"><skipped type="pytest.skip" message="Operation excluded from stable Schemathesis contract run">/root/GitHub/VECINA/vecinita/backend/tests/integration/test_api_schema_schemathesis.py:165: Operation excluded from stable Schemathesis contract run</skipped></testcase><testcase classname="tests.integration.test_api_schema_schemathesis" name="test_gateway_openapi_schema[POST /api/v1/scrape]" time="0.007"><skipped type="pytest.skip" message="Operation excluded from stable Schemathesis contract run">/root/GitHub/VECINA/vecinita/backend/tests/integration/test_api_schema_schemathesis.py:165: Operation excluded from stable Schemathesis contract run</skipped></testcase><testcase classname="tests.integration.test_api_schema_schemathesis" name="test_gateway_openapi_schema[GET /api/v1/scrape/history]" time="0.002"><skipped type="pytest.skip" message="Operation excluded from stable Schemathesis contract run">/root/GitHub/VECINA/vecinita/backend/tests/integration/test_api_schema_schemathesis.py:165: Operation excluded from stable Schemathesis contract run</skipped></testcase><testcase classname="tests.integration.test_api_schema_schemathesis" name="test_gateway_openapi_schema[GET /api/v1/scrape/stats]" time="0.002"><skipped type="pytest.skip" message="Operation excluded from stable Schemathesis contract run">/root/GitHub/VECINA/vecinita/backend/tests/integration/test_api_schema_schemathesis.py:165: Operation excluded from stable Schemathesis contract run</skipped></testcase><testcase classname="tests.integration.test_api_schema_schemathesis" name="test_gateway_openapi_schema[POST /api/v1/scrape/cleanup]" time="0.009"><skipped type="pytest.skip" message="Operation excluded from stable Schemathesis contract run">/root/GitHub/VECINA/vecinita/backend/tests/integration/test_api_schema_schemathesis.py:165: Operation excluded from stable Schemathesis contract run</skipped></testcase><testcase classname="tests.integration.test_api_schema_schemathesis" name="test_gateway_openapi_schema[POST /api/v1/scrape/reindex]" time="0.010"><skipped type="pytest.skip" message="Operation excluded from stable Schemathesis contract run">/root/GitHub/VECINA/vecinita/backend/tests/integration/test_api_schema_schemathesis.py:165: Operation excluded from stable Schemathesis contract run</skipped></testcase><testcase classname="tests.integration.test_api_schema_schemathesis" name="test_gateway_openapi_schema[GET /api/v1/scrape/{job_id}]" time="0.008"><skipped type="pytest.skip" message="Operation excluded from stable Schemathesis contract run">/root/GitHub/VECINA/vecinita/backend/tests/integration/test_api_schema_schemathesis.py:165: Operation excluded from stable Schemathesis contract run</skipped></testcase><testcase classname="tests.integration.test_api_schema_schemathesis" name="test_gateway_openapi_schema[POST /api/v1/scrape/{job_id}/cancel]" time="0.006"><skipped type="pytest.skip" message="Operation excluded from stable Schemathesis contract run">/root/GitHub/VECINA/vecinita/backend/tests/integration/test_api_schema_schemathesis.py:165: Operation excluded from stable Schemathesis contract run</skipped></testcase><testcase classname="tests.integration.test_api_schema_schemathesis" name="test_gateway_openapi_schema[POST /api/v1/embed]" time="0.009"><skipped type="pytest.skip" message="Operation excluded from stable Schemathesis contract run">/root/GitHub/VECINA/vecinita/backend/tests/integration/test_api_schema_schemathesis.py:165: Operation excluded from stable Schemathesis contract run</skipped></testcase><testcase classname="tests.integration.test_api_schema_schemathesis" name="test_gateway_openapi_schema[POST /api/v1/embed/batch]" time="0.002"><skipped type="pytest.skip" message="Operation excluded from stable Schemathesis contract run">/root/GitHub/VECINA/vecinita/backend/tests/integration/test_api_schema_schemathesis.py:165: Operation excluded from stable Schemathesis contract run</skipped></testcase><testcase classname="tests.integration.test_api_schema_schemathesis" name="test_gateway_openapi_schema[POST /api/v1/embed/similarity]" time="0.008"><skipped type="pytest.skip" message="Operation excluded from stable Schemathesis contract run">/root/GitHub/VECINA/vecinita/backend/tests/integration/test_api_schema_schemathesis.py:165: Operation excluded from stable Schemathesis contract run</skipped></testcase><testcase classname="tests.integration.test_api_schema_schemathesis" name="test_gateway_openapi_schema[GET /api/v1/embed/config]" time="0.002"><skipped type="pytest.skip" message="Operation excluded from stable Schemathesis contract run">/root/GitHub/VECINA/vecinita/backend/tests/integration/test_api_schema_schemathesis.py:165: Operation excluded from stable Schemathesis contract run</skipped></testcase><testcase classname="tests.integration.test_api_schema_schemathesis" name="test_gateway_openapi_schema[POST /api/v1/embed/config]" time="0.087"><skipped type="pytest.skip" message="Operation excluded from stable Schemathesis contract run">/root/GitHub/VECINA/vecinita/backend/tests/integration/test_api_schema_schemathesis.py:165: Operation excluded from stable Schemathesis contract run</skipped></testcase><testcase classname="tests.integration.test_api_schema_schemathesis" name="test_gateway_openapi_schema[GET /api/v1/documents/overview]" time="0.333"><skipped type="pytest.skip" message="Operation excluded from stable Schemathesis contract run">/root/GitHub/VECINA/vecinita/backend/tests/integration/test_api_schema_schemathesis.py:165: Operation excluded from stable Schemathesis contract run</skipped></testcase><testcase classname="tests.integration.test_api_schema_schemathesis" name="test_gateway_openapi_schema[GET /api/v1/documents/preview]" time="0.003"><skipped type="pytest.skip" message="Operation excluded from stable Schemathesis contract run">/root/GitHub/VECINA/vecinita/backend/tests/integration/test_api_schema_schemathesis.py:165: Operation excluded from stable Schemathesis contract run</skipped></testcase><testcase classname="tests.integration.test_api_schema_schemathesis" name="test_gateway_openapi_schema[GET /api/v1/documents/download-url]" time="0.003"><skipped type="pytest.skip" message="Operation excluded from stable Schemathesis contract run">/root/GitHub/VECINA/vecinita/backend/tests/integration/test_api_schema_schemathesis.py:165: Operation excluded from stable Schemathesis contract run</skipped></testcase><testcase classname="tests.integration.test_api_schema_schemathesis" name="test_gateway_openapi_schema[GET /api/v1/documents/chunk-statistics]" time="0.002"><skipped type="pytest.skip" message="Operation excluded from stable Schemathesis contract run">/root/GitHub/VECINA/vecinita/backend/tests/integration/test_api_schema_schemathesis.py:165: Operation excluded from stable Schemathesis contract run</skipped></testcase><testcase classname="tests.integration.test_api_schema_schemathesis" name="test_gateway_openapi_schema[GET /api/v1/documents/tags]" time="0.002"><skipped type="pytest.skip" message="Operation excluded from stable Schemathesis contract run">/root/GitHub/VECINA/vecinita/backend/tests/integration/test_api_schema_schemathesis.py:165: Operation excluded from stable Schemathesis contract run</skipped></testcase><testcase classname="tests.integration.test_api_schema_schemathesis" name="test_schemathesis_config_file_is_present" time="0.001" /></testsuite></testsuites>