<?xml version="1.0" encoding="utf-8"?><testsuites name="pytest tests"><testsuite name="pytest" errors="0" failures="0" skipped="24" tests="463" time="109.592" timestamp="2026-03-26T12:56:32.406578+00:00" hostname="coder1281aonubuntu2004-s-2vcpu-8gb-amd-nyc3-01"><testcase classname="tests.integration.test_auth_proxy" name="test_rate_limit_state_daily_reset" time="0.443"><skipped type="pytest.skip" message="Auth proxy module not available">/root/GitHub/VECINA/vecinita/backend/tests/integration/test_auth_proxy.py:168: Auth proxy module not available</skipped></testcase><testcase classname="tests.integration.test_gateway_v1_matrix_coverage" name="test_gateway_matrix_covers_all_v1_routes" time="0.005" /><testcase classname="tests.integration.test_model_fallback" name="test_provider_error_handling" time="0.001" /><testcase classname="tests.test_api.test_gateway_job_manager.TestAsyncJobManagerBasics" name="test_create_job" time="0.166" /><testcase classname="tests.test_api.test_gateway_job_manager.TestAsyncJobManagerBasics" name="test_get_job" time="0.002" /><testcase classname="tests.test_api.test_gateway_job_manager.TestAsyncJobManagerBasics" name="test_get_nonexistent_job" time="0.002" /><testcase classname="tests.test_api.test_gateway_job_manager.TestAsyncJobManagerBasics" name="test_job_metadata" time="0.003" /><testcase classname="tests.test_api.test_gateway_job_manager.TestJobStatusTransitions" name="test_transition_to_running" time="0.003" /><testcase classname="tests.test_api.test_gateway_job_manager.TestJobStatusTransitions" name="test_transition_to_completed" time="0.002" /><testcase classname="tests.test_api.test_gateway_job_manager.TestJobStatusTransitions" name="test_transition_to_failed" time="0.002" /><testcase classname="tests.test_api.test_gateway_job_manager.TestJobStatusTransitions" name="test_transition_to_cancelled" time="0.003" /><testcase classname="tests.test_api.test_gateway_job_manager.TestJobStatusTransitions" name="test_cannot_cancel_completed_job" time="0.002" /><testcase classname="tests.test_api.test_gateway_job_manager.TestJobListing" name="test_list_jobs_empty" time="0.002" /><testcase classname="tests.test_api.test_gateway_job_manager.TestJobListing" name="test_list_jobs_multiple" time="0.009" /><testcase classname="tests.test_api.test_gateway_job_manager.TestJobListing" name="test_list_jobs_pagination" time="0.002" /><testcase classname="tests.test_api.test_gateway_job_manager.TestJobListing" name="test_list_jobs_ordered_by_date" time="0.034" /><testcase classname="tests.test_api.test_gateway_job_manager.TestJobCleanup" name="test_cleanup_old_jobs" time="0.002" /><testcase classname="tests.test_api.test_gateway_job_manager.TestJobCleanup" name="test_cleanup_preserves_recent_jobs" time="0.002" /><testcase classname="tests.test_api.test_gateway_job_manager.TestJobResultManagement" name="test_set_job_result" time="0.002" /><testcase classname="tests.test_api.test_gateway_job_manager.TestJobResultManagement" name="test_set_result_nonexistent_job" time="0.001" /><testcase classname="tests.test_api.test_gateway_job_manager.TestJobManagerStats" name="test_get_stats_empty" time="0.003" /><testcase classname="tests.test_api.test_gateway_job_manager.TestJobManagerStats" name="test_get_stats_with_jobs" time="0.003" /><testcase classname="tests.test_api.test_gateway_job_manager.TestConcurrency" name="test_concurrent_job_creation" time="0.007" /><testcase classname="tests.test_api.test_gateway_job_manager.TestConcurrency" name="test_concurrent_status_updates" time="0.002" /><testcase classname="tests.test_api.test_gateway_main.TestGatewayInitialization" name="test_app_creation" time="0.707" /><testcase classname="tests.test_api.test_gateway_main.TestGatewayInitialization" name="test_app_version" time="0.002" /><testcase classname="tests.test_api.test_gateway_main.TestGatewayRootEndpoints" name="test_root_endpoint" time="0.031" /><testcase classname="tests.test_api.test_gateway_main.TestGatewayRootEndpoints" name="test_root_endpoint_structure" time="0.009" /><testcase classname="tests.test_api.test_gateway_main.TestGatewayRootEndpoints" name="test_root_endpoint_environment" time="0.016" /><testcase classname="tests.test_api.test_gateway_main.TestGatewayRootEndpoints" name="test_health_check_endpoint" time="0.014" /><testcase classname="tests.test_api.test_gateway_main.TestGatewayRootEndpoints" name="test_health_check_structure" time="0.008" /><testcase classname="tests.test_api.test_gateway_main.TestGatewayRootEndpoints" name="test_config_endpoint" time="0.009" /><testcase classname="tests.test_api.test_gateway_main.TestGatewayRouterInclusion" name="test_ask_router_included" time="0.019" /><testcase classname="tests.test_api.test_gateway_main.TestGatewayRouterInclusion" name="test_scrape_router_included" time="14.042" /><testcase classname="tests.test_api.test_gateway_main.TestGatewayRouterInclusion" name="test_embed_router_included" time="0.049" /><testcase classname="tests.test_api.test_gateway_main.TestGatewayRouterInclusion" name="test_admin_router_included" time="0.049" /><testcase classname="tests.test_api.test_gateway_main.TestCORSConfiguration" name="test_cors_headers_present" time="0.019" /><testcase classname="tests.test_api.test_gateway_main.TestCORSConfiguration" name="test_cors_allows_all_origins" time="0.019" /><testcase classname="tests.test_api.test_gateway_main.TestOpenAPIDocumentation" name="test_openapi_json_endpoint" time="0.856" /><testcase classname="tests.test_api.test_gateway_main.TestOpenAPIDocumentation" name="test_swagger_docs_endpoint" time="0.019" /><testcase classname="tests.test_api.test_gateway_main.TestOpenAPIDocumentation" name="test_redoc_endpoint_exists" time="0.008" /><testcase classname="tests.test_api.test_gateway_main.TestErrorHandling" name="test_404_not_found" time="0.022" /><testcase classname="tests.test_api.test_gateway_main.TestErrorHandling" name="test_invalid_json_request" time="0.022" /><testcase classname="tests.test_api.test_gateway_main.TestErrorHandling" name="test_missing_required_field" time="0.015" /><testcase classname="tests.test_api.test_gateway_main.TestErrorHandling" name="test_validation_error_includes_detail" time="0.017" /><testcase classname="tests.test_api.test_gateway_main.TestRequestValidation" name="test_scrape_request_validation_urls_required" time="0.021" /><testcase classname="tests.test_api.test_gateway_main.TestRequestValidation" name="test_scrape_request_validation_urls_nonempty" time="0.018" /><testcase classname="tests.test_api.test_gateway_main.TestRequestValidation" name="test_scrape_request_validation_valid" time="14.044" /><testcase classname="tests.test_api.test_gateway_main.TestRequestValidation" name="test_embed_request_validation_text_required" time="0.016" /><testcase classname="tests.test_api.test_gateway_main.TestRequestValidation" name="test_ask_request_validation_query_required" time="0.013" /><testcase classname="tests.test_api.test_gateway_main.TestEnvironmentConfiguration" name="test_agent_service_url_from_env" time="0.595" /><testcase classname="tests.test_api.test_gateway_main.TestEnvironmentConfiguration" name="test_embedding_service_url_from_env" time="0.278" /><testcase classname="tests.test_api.test_gateway_main.TestEnvironmentConfiguration" name="test_max_urls_per_request_from_env" time="0.390" /><testcase classname="tests.test_api.test_gateway_main.TestEnvironmentConfiguration" name="test_job_retention_hours_from_env" time="0.359" /><testcase classname="tests.test_api.test_gateway_main.TestAPIStructure" name="test_all_api_endpoints_prefixed" time="0.022" /><testcase classname="tests.test_api.test_gateway_main.TestAPIStructure" name="test_versioning_in_paths" time="0.018" /><testcase classname="tests.test_api.test_gateway_models.TestScrapeModels" name="test_scrape_request_valid" time="0.001" /><testcase classname="tests.test_api.test_gateway_models.TestScrapeModels" name="test_scrape_request_multiple_urls" time="0.001" /><testcase classname="tests.test_api.test_gateway_models.TestScrapeModels" name="test_scrape_request_empty_urls_invalid" time="0.001" /><testcase classname="tests.test_api.test_gateway_models.TestScrapeModels" name="test_scrape_request_loader_type_enum" time="0.001" /><testcase classname="tests.test_api.test_gateway_models.TestScrapeModels" name="test_scrape_response" time="0.001" /><testcase classname="tests.test_api.test_gateway_models.TestScrapeModels" name="test_scrape_job_result" time="0.001" /><testcase classname="tests.test_api.test_gateway_models.TestScrapeModels" name="test_job_status_enum" time="0.001" /><testcase classname="tests.test_api.test_gateway_models.TestScrapeModels" name="test_scrape_job_metadata" time="0.002" /><testcase classname="tests.test_api.test_gateway_models.TestEmbeddingModels" name="test_embed_request" time="0.001" /><testcase classname="tests.test_api.test_gateway_models.TestEmbeddingModels" name="test_embed_request_with_model_override" time="0.001" /><testcase classname="tests.test_api.test_gateway_models.TestEmbeddingModels" name="test_embed_response" time="0.001" /><testcase classname="tests.test_api.test_gateway_models.TestEmbeddingModels" name="test_embed_batch_request" time="0.001" /><testcase classname="tests.test_api.test_gateway_models.TestEmbeddingModels" name="test_embed_batch_request_empty_invalid" time="0.001" /><testcase classname="tests.test_api.test_gateway_models.TestEmbeddingModels" name="test_similarity_request" time="0.006" /><testcase classname="tests.test_api.test_gateway_models.TestEmbeddingModels" name="test_similarity_response" time="0.001" /><testcase classname="tests.test_api.test_gateway_models.TestEmbeddingModels" name="test_embedding_config_response" time="0.001" /><testcase classname="tests.test_api.test_gateway_models.TestAskModels" name="test_ask_request" time="0.001" /><testcase classname="tests.test_api.test_gateway_models.TestAskModels" name="test_ask_request_with_language" time="0.001" /><testcase classname="tests.test_api.test_gateway_models.TestAskModels" name="test_ask_response" time="0.001" /><testcase classname="tests.test_api.test_gateway_models.TestAdminModels" name="test_database_stats" time="0.001" /><testcase classname="tests.test_api.test_gateway_models.TestAdminModels" name="test_document_chunk" time="0.001" /><testcase classname="tests.test_api.test_gateway_models.TestAdminModels" name="test_clean_database_request" time="0.001" /><testcase classname="tests.test_api.test_gateway_models.TestAdminModels" name="test_clean_database_response" time="0.001" /><testcase classname="tests.test_api.test_gateway_models.TestHealthModels" name="test_health_check" time="0.001" /><testcase classname="tests.test_api.test_gateway_models.TestHealthModels" name="test_gateway_config" time="0.001" /><testcase classname="tests.test_api.test_gateway_models.TestHealthModels" name="test_error_response" time="0.001" /><testcase classname="tests.test_api.test_gateway_router_admin.TestAdminTagsEndpoints" name="test_admin_health_includes_vector_store_diagnostics" time="0.019" /><testcase classname="tests.test_api.test_gateway_router_admin.TestAdminTagsEndpoints" name="test_get_metadata_tags" time="0.017" /><testcase classname="tests.test_api.test_gateway_router_admin.TestAdminTagsEndpoints" name="test_get_metadata_tags_supports_spanish_errors" time="0.030" /><testcase classname="tests.test_api.test_gateway_router_admin.TestAdminTagsEndpoints" name="test_patch_source_tags_updates_chunks" time="0.032" /><testcase classname="tests.test_api.test_gateway_router_admin.TestAdminTagsEndpoints" name="test_patch_source_tags_returns_spanish_message" time="0.026" /><testcase classname="tests.test_api.test_gateway_router_admin.TestAdminTagsEndpoints" name="test_patch_source_tags_handles_array_like_embeddings" time="0.027" /><testcase classname="tests.test_api.test_gateway_router_admin.TestAdminTagsEndpoints" name="test_patch_source_tags_handles_array_like_embeddings_payload" time="0.020" /><testcase classname="tests.test_api.test_gateway_router_admin.TestAdminTagsEndpoints" name="test_add_source_accepts_tags" time="0.031" /><testcase classname="tests.test_api.test_gateway_router_admin.TestAdminTagsEndpoints" name="test_add_source_retries_via_scraper_loader_on_blocked_fetch" time="0.022" /><testcase classname="tests.test_api.test_gateway_router_admin.TestAdminTagsEndpoints" name="test_add_sources_batch_retries_via_scraper_loader_on_blocked_fetch" time="0.024" /><testcase classname="tests.test_api.test_gateway_router_admin.TestAdminTagsEndpoints" name="test_add_sources_batch_parses_urls_and_returns_partial" time="0.027" /><testcase classname="tests.test_api.test_gateway_router_admin.TestAdminTagsEndpoints" name="test_add_sources_batch_rejects_empty_payload" time="0.023" /><testcase classname="tests.test_api.test_gateway_router_admin.TestAdminSourcesList" name="test_list_sources_includes_tags" time="0.025" /><testcase classname="tests.test_api.test_gateway_router_admin.TestAdminSourcesList" name="test_list_sources_normalizes_real_source_shape" time="0.017" /><testcase classname="tests.test_api.test_gateway_router_ask.TestAskEndpoint" name="test_ask_question_success" time="0.043" /><testcase classname="tests.test_api.test_gateway_router_ask.TestAskEndpoint" name="test_ask_question_required" time="0.013" /><testcase classname="tests.test_api.test_gateway_router_ask.TestAskEndpoint" name="test_ask_with_thread_id" time="0.015" /><testcase classname="tests.test_api.test_gateway_router_ask.TestAskEndpoint" name="test_ask_with_language_override" time="0.017" /><testcase classname="tests.test_api.test_gateway_router_ask.TestAskEndpoint" name="test_ask_with_provider_and_model" time="0.016" /><testcase classname="tests.test_api.test_gateway_router_ask.TestAskEndpoint" name="test_ask_maps_latency_metadata" time="0.015" /><testcase classname="tests.test_api.test_gateway_router_ask.TestAskEndpoint" name="test_ask_with_tags_and_rerank_params" time="0.019" /><testcase classname="tests.test_api.test_gateway_router_ask.TestAskEndpoint" name="test_ask_timeout_error" time="0.014" /><testcase classname="tests.test_api.test_gateway_router_ask.TestAskEndpoint" name="test_ask_agent_service_unavailable" time="0.017" /><testcase classname="tests.test_api.test_gateway_router_ask.TestAskEndpoint" name="test_ask_agent_service_error" time="0.018" /><testcase classname="tests.test_api.test_gateway_router_ask.TestAskEndpoint" name="test_ask_propagates_invalid_api_key_error_details" time="0.020" /><testcase classname="tests.test_api.test_gateway_router_ask.TestAskEndpoint" name="test_ask_spanish_query" time="0.016" /><testcase classname="tests.test_api.test_gateway_router_ask.TestAskStreamEndpoint" name="test_ask_stream_question_required" time="0.017" /><testcase classname="tests.test_api.test_gateway_router_ask.TestAskStreamEndpoint" name="test_ask_stream_success" time="0.022" /><testcase classname="tests.test_api.test_gateway_router_ask.TestAskStreamEndpoint" name="test_ask_stream_with_all_params" time="0.020" /><testcase classname="tests.test_api.test_gateway_router_ask.TestAskStreamEndpoint" name="test_ask_stream_preserves_sse_event_boundaries" time="0.027" /><testcase classname="tests.test_api.test_gateway_router_ask.TestAskConfigEndpoint" name="test_get_ask_config_success" time="0.018" /><testcase classname="tests.test_api.test_gateway_router_ask.TestAskConfigEndpoint" name="test_get_ask_config_service_unavailable" time="0.015" /><testcase classname="tests.test_api.test_gateway_router_ask.TestAskConfigEndpoint" name="test_get_ask_config_preserves_explicit_default_provider" time="0.018" /><testcase classname="tests.test_api.test_gateway_router_ask.TestAskQueryValidation" name="test_ask_empty_question" time="0.015" /><testcase classname="tests.test_api.test_gateway_router_ask.TestAskQueryValidation" name="test_ask_query_with_unicode" time="0.019" /><testcase classname="tests.test_api.test_gateway_router_ask.TestAskQueryValidation" name="test_ask_language_parameter_values" time="0.040" /><testcase classname="tests.test_api.test_gateway_router_ask.TestAskQueryValidation" name="test_ask_web_search_parameter_values" time="0.039" /><testcase classname="tests.test_api.test_gateway_router_ask.TestAskErrorHandling" name="test_ask_invalid_query_type" time="0.016" /><testcase classname="tests.test_api.test_gateway_router_ask.TestAskErrorHandling" name="test_ask_invalid_language_type" time="0.019" /><testcase classname="tests.test_api.test_gateway_router_ask.TestAskEndpointRouting" name="test_legacy_question_route_not_supported" time="0.015" /><testcase classname="tests.test_api.test_gateway_router_ask.TestAskEndpointRouting" name="test_ask_endpoint_exists" time="0.013" /><testcase classname="tests.test_api.test_gateway_router_ask.TestAskEndpointRouting" name="test_ask_stream_endpoint_exists" time="0.025" /><testcase classname="tests.test_api.test_gateway_router_ask.TestAskEndpointRouting" name="test_ask_config_endpoint_exists" time="0.014" /><testcase classname="tests.test_api.test_gateway_router_ask.TestAskParameterCombinations" name="test_ask_all_parameters" time="0.017" /><testcase classname="tests.test_api.test_gateway_router_ask.TestAskParameterCombinations" name="test_ask_minimal_parameters" time="0.013" /><testcase classname="tests.test_api.test_gateway_router_ask.TestAskParameterCombinations" name="test_ask_duplicate_parameters" time="0.017" /><testcase classname="tests.test_api.test_gateway_router_ask.TestAskMethods" name="test_ask_post_not_allowed" time="0.015" /><testcase classname="tests.test_api.test_gateway_router_ask.TestAskMethods" name="test_ask_delete_not_allowed" time="0.012" /><testcase classname="tests.test_api.test_gateway_router_ask.TestAskMethods" name="test_ask_get_is_allowed" time="0.024" /><testcase classname="tests.test_api.test_gateway_router_documents" name="test_documents_overview_aggregates_sources" time="0.040" /><testcase classname="tests.test_api.test_gateway_router_documents" name="test_documents_overview_filters_by_tags" time="0.056" /><testcase classname="tests.test_api.test_gateway_router_documents" name="test_documents_preview_reads_chunks_from_source" time="0.030" /><testcase classname="tests.test_api.test_gateway_router_documents" name="test_chunk_statistics_from_chroma_metadata" time="0.037" /><testcase classname="tests.test_api.test_gateway_router_documents" name="test_documents_download_url_returns_non_error_for_url_only_sources" time="0.036" /><testcase classname="tests.test_api.test_gateway_router_documents" name="test_documents_download_url_resolves_upload_source_without_explicit_download_url" time="0.032" /><testcase classname="tests.test_api.test_gateway_router_documents" name="test_documents_overview_excludes_test_artifacts_by_default" time="0.057" /><testcase classname="tests.test_api.test_gateway_router_documents" name="test_documents_tags_returns_counts" time="0.034" /><testcase classname="tests.test_api.test_gateway_router_embed.TestEmbedSingleEndpoint" name="test_embed_single_text" time="0.036" /><testcase classname="tests.test_api.test_gateway_router_embed.TestEmbedSingleEndpoint" name="test_embed_text_with_model_override" time="0.049" /><testcase classname="tests.test_api.test_gateway_router_embed.TestEmbedSingleEndpoint" name="test_embed_empty_text" time="0.047" /><testcase classname="tests.test_api.test_gateway_router_embed.TestEmbedSingleEndpoint" name="test_embed_missing_text" time="0.011" /><testcase classname="tests.test_api.test_gateway_router_embed.TestEmbedSingleEndpoint" name="test_embed_long_text" time="0.045" /><testcase classname="tests.test_api.test_gateway_router_embed.TestEmbedBatchEndpoint" name="test_embed_batch_texts" time="0.043" /><testcase classname="tests.test_api.test_gateway_router_embed.TestEmbedBatchEndpoint" name="test_embed_batch_single_text" time="0.047" /><testcase classname="tests.test_api.test_gateway_router_embed.TestEmbedBatchEndpoint" name="test_embed_batch_with_model" time="0.051" /><testcase classname="tests.test_api.test_gateway_router_embed.TestEmbedBatchEndpoint" name="test_embed_batch_empty_list" time="0.015" /><testcase classname="tests.test_api.test_gateway_router_embed.TestEmbedBatchEndpoint" name="test_embed_batch_missing_texts" time="0.026" /><testcase classname="tests.test_api.test_gateway_router_embed.TestEmbedBatchEndpoint" name="test_embed_batch_many_texts" time="0.049" /><testcase classname="tests.test_api.test_gateway_router_embed.TestSimilarityEndpoint" name="test_compute_similarity" time="0.037" /><testcase classname="tests.test_api.test_gateway_router_embed.TestSimilarityEndpoint" name="test_similarity_with_model" time="0.039" /><testcase classname="tests.test_api.test_gateway_router_embed.TestSimilarityEndpoint" name="test_similarity_identical_texts" time="0.038" /><testcase classname="tests.test_api.test_gateway_router_embed.TestSimilarityEndpoint" name="test_similarity_different_texts" time="0.038" /><testcase classname="tests.test_api.test_gateway_router_embed.TestSimilarityEndpoint" name="test_similarity_missing_text1" time="0.013" /><testcase classname="tests.test_api.test_gateway_router_embed.TestSimilarityEndpoint" name="test_similarity_missing_text2" time="0.015" /><testcase classname="tests.test_api.test_gateway_router_embed.TestSimilarityEndpoint" name="test_similarity_empty_texts" time="0.035" /><testcase classname="tests.test_api.test_gateway_router_embed.TestEmbedConfigEndpoint" name="test_get_embedding_config" time="0.008" /><testcase classname="tests.test_api.test_gateway_router_embed.TestEmbedConfigEndpoint" name="test_embedding_config_has_required_fields" time="0.012" /><testcase classname="tests.test_api.test_gateway_router_embed.TestEmbedConfigEndpoint" name="test_embedding_config_dimension_is_valid" time="0.015" /><testcase classname="tests.test_api.test_gateway_router_embed.TestEmbedConfigEndpoint" name="test_update_embedding_config" time="0.039" /><testcase classname="tests.test_api.test_gateway_router_embed.TestEmbedConfigEndpoint" name="test_update_config_missing_model" time="0.014" /><testcase classname="tests.test_api.test_gateway_router_embed.TestEmbedRequestValidation" name="test_embed_text_must_be_string" time="0.014" /><testcase classname="tests.test_api.test_gateway_router_embed.TestEmbedRequestValidation" name="test_batch_texts_must_be_list" time="0.013" /><testcase classname="tests.test_api.test_gateway_router_embed.TestEmbedRequestValidation" name="test_batch_texts_must_be_strings" time="0.014" /><testcase classname="tests.test_api.test_gateway_router_embed.TestEmbedRequestValidation" name="test_similarity_texts_must_be_strings" time="0.013" /><testcase classname="tests.test_api.test_gateway_router_embed.TestEmbedErrorHandling" name="test_malformed_json_embed" time="0.012" /><testcase classname="tests.test_api.test_gateway_router_embed.TestEmbedErrorHandling" name="test_malformed_json_batch" time="0.010" /><testcase classname="tests.test_api.test_gateway_router_embed.TestEmbedErrorHandling" name="test_malformed_json_similarity" time="0.015" /><testcase classname="tests.test_api.test_gateway_router_embed.TestEmbedEndpointRouting" name="test_embed_endpoint_exists" time="0.039" /><testcase classname="tests.test_api.test_gateway_router_embed.TestEmbedEndpointRouting" name="test_batch_endpoint_exists" time="0.036" /><testcase classname="tests.test_api.test_gateway_router_embed.TestEmbedEndpointRouting" name="test_similarity_endpoint_exists" time="0.043" /><testcase classname="tests.test_api.test_gateway_router_embed.TestEmbedEndpointRouting" name="test_config_endpoint_exists" time="0.011" /><testcase classname="tests.test_api.test_gateway_router_scrape.TestScrapeSubmitEndpoint" name="test_submit_scrape_single_url" time="0.009" /><testcase classname="tests.test_api.test_gateway_router_scrape.TestScrapeSubmitEndpoint" name="test_submit_scrape_multiple_urls" time="0.015" /><testcase classname="tests.test_api.test_gateway_router_scrape.TestScrapeSubmitEndpoint" name="test_submit_scrape_with_loader" time="0.021" /><testcase classname="tests.test_api.test_gateway_router_scrape.TestScrapeSubmitEndpoint" name="test_submit_scrape_with_stream" time="0.018" /><testcase classname="tests.test_api.test_gateway_router_scrape.TestScrapeSubmitEndpoint" name="test_submit_scrape_missing_urls" time="0.012" /><testcase classname="tests.test_api.test_gateway_router_scrape.TestScrapeSubmitEndpoint" name="test_submit_scrape_empty_urls" time="0.014" /><testcase classname="tests.test_api.test_gateway_router_scrape.TestScrapeSubmitEndpoint" name="test_submit_scrape_invalid_url_format" time="0.019" /><testcase classname="tests.test_api.test_gateway_router_scrape.TestScrapeSubmitEndpoint" name="test_submit_scrape_too_many_urls" time="0.015" /><testcase classname="tests.test_api.test_gateway_router_scrape.TestScrapeSubmitEndpoint" name="test_submit_scrape_returns_job_id" time="0.019" /><testcase classname="tests.test_api.test_gateway_router_scrape.TestScrapeSubmitEndpoint" name="test_submit_scrape_normalizes_and_deduplicates_urls" time="0.022" /><testcase classname="tests.test_api.test_gateway_router_scrape.TestScrapeStatusEndpoint" name="test_get_scrape_status_queued" time="0.029" /><testcase classname="tests.test_api.test_gateway_router_scrape.TestScrapeStatusEndpoint" name="test_get_scrape_status_nonexistent" time="0.015" /><testcase classname="tests.test_api.test_gateway_router_scrape.TestScrapeStatusEndpoint" name="test_get_scrape_status_includes_metadata" time="0.028" /><testcase classname="tests.test_api.test_gateway_router_scrape.TestScrapeStatusEndpoint" name="test_get_scrape_status_includes_progress" time="0.024" /><testcase classname="tests.test_api.test_gateway_router_scrape.TestScrapeHistoryEndpoint" name="test_get_scrape_history_empty" time="0.017" /><testcase classname="tests.test_api.test_gateway_router_scrape.TestScrapeHistoryEndpoint" name="test_get_scrape_history_multiple" time="0.047" /><testcase classname="tests.test_api.test_gateway_router_scrape.TestScrapeHistoryEndpoint" name="test_get_scrape_history_pagination" time="0.227" /><testcase classname="tests.test_api.test_gateway_router_scrape.TestScrapeHistoryEndpoint" name="test_get_scrape_history_most_recent_first" time="0.034" /><testcase classname="tests.test_api.test_gateway_router_scrape.TestScrapeCancelEndpoint" name="test_cancel_scrape_job" time="0.021" /><testcase classname="tests.test_api.test_gateway_router_scrape.TestScrapeCancelEndpoint" name="test_cancel_nonexistent_job" time="0.017" /><testcase classname="tests.test_api.test_gateway_router_scrape.TestScrapeCancelEndpoint" name="test_cancel_job_sets_cancelled_timestamp" time="0.033" /><testcase classname="tests.test_api.test_gateway_router_scrape.TestScrapeStatsEndpoint" name="test_get_scrape_stats" time="0.016" /><testcase classname="tests.test_api.test_gateway_router_scrape.TestScrapeStatsEndpoint" name="test_scrape_stats_reflects_jobs" time="0.059" /><testcase classname="tests.test_api.test_gateway_router_scrape.TestReindexEndpoint" name="test_reindex_requires_service_url" time="0.014" /><testcase classname="tests.test_api.test_gateway_router_scrape.TestReindexEndpoint" name="test_reindex_calls_modal_service" time="0.017" /><testcase classname="tests.test_api.test_gateway_router_scrape.TestScrapeCleanupEndpoint" name="test_cleanup_old_jobs" time="0.017" /><testcase classname="tests.test_api.test_gateway_router_scrape.TestScrapeErrorHandling" name="test_invalid_loader_type" time="0.019" /><testcase classname="tests.test_api.test_gateway_router_scrape.TestScrapeErrorHandling" name="test_malformed_json" time="0.015" /><testcase classname="tests.test_api.test_gateway_router_scrape.TestBackgroundScrapeTask" name="test_background_task_non_stream_finalizes_uploads" time="0.010" /><testcase classname="tests.test_clarify_question_tool.TestClarifyQuestion" name="test_clarify_question_doctor_query" time="0.069" /><testcase classname="tests.test_clarify_question_tool.TestClarifyQuestion" name="test_clarify_question_location_emphasis" time="0.004" /><testcase classname="tests.test_clarify_question_tool.TestClarifyQuestion" name="test_clarify_question_service_type" time="0.004" /><testcase classname="tests.test_clarify_question_tool.TestClarifyQuestion" name="test_clarify_question_generic" time="0.009" /><testcase classname="tests.test_clarify_question_tool.TestClarifyQuestion" name="test_clarify_question_includes_reason" time="0.011" /><testcase classname="tests.test_clarify_question_tool.TestClarifyQuestion" name="test_clarify_question_includes_original" time="0.015" /><testcase classname="tests.test_clarify_question_tool.TestClarifyQuestion" name="test_clarify_question_suggests_multiple_options" time="0.010" /><testcase classname="tests.test_clarify_question_tool.TestClarifyQuestion" name="test_clarify_question_natural_language" time="0.014" /><testcase classname="tests.test_clarify_question_tool.TestClarifyQuestion" name="test_clarify_question_with_search_context" time="0.006" /><testcase classname="tests.test_clarify_question_tool.TestClarifyQuestion" name="test_create_clarify_question_tool" time="0.001" /><testcase classname="tests.test_clarify_question_tool.TestClarifyQuestion" name="test_clarify_question_with_empty_question" time="0.003" /><testcase classname="tests.test_clarify_question_tool.TestClarifyQuestion" name="test_clarify_question_multiple_keywords" time="0.003" /><testcase classname="tests.test_clarify_question_tool.TestClarifyQuestion" name="test_clarify_question_return_type" time="0.007" /><testcase classname="tests.test_clarify_question_tool.TestClarifyQuestion" name="test_clarify_question_healthcare_focus" time="0.003" /><testcase classname="tests.test_clarify_question_tool.TestClarifyQuestion" name="test_clarify_question_consistent_format" time="0.010" /><testcase classname="tests.test_scraper_advanced.TestScraperEdgeCases" name="test_processor_with_no_metadata" time="0.021" /><testcase classname="tests.test_scraper_advanced.TestScraperEdgeCases" name="test_link_tracker_with_duplicate_links" time="0.001" /><testcase classname="tests.test_scraper_advanced.TestScraperEdgeCases" name="test_config_with_invalid_depth" time="0.005" /><testcase classname="tests.test_scraper_advanced.TestScraperEdgeCases" name="test_clean_text_with_only_noise" time="0.002" /><testcase classname="tests.test_scraper_advanced.TestScraperEdgeCases" name="test_url_with_special_characters" time="0.002" /><testcase classname="tests.test_scraper_advanced.TestScraperEdgeCases" name="test_very_large_chunk_splitting" time="0.040" /><testcase classname="tests.test_scraper_advanced.TestScraperWithMockedRequests" name="test_playwright_loader_error_handling" time="10.105" /><testcase classname="tests.test_scraper_advanced.TestScraperWithMockedRequests" name="test_recursive_loader_with_depth" time="0.103" /><testcase classname="tests.test_scraper_advanced.TestScraperFileOperations" name="test_write_chunks_creates_output_file" time="0.022" /><testcase classname="tests.test_scraper_advanced.TestScraperFileOperations" name="test_append_to_existing_output_file" time="0.170" /><testcase classname="tests.test_scraper_advanced.TestScraperFileOperations" name="test_failed_log_accumulation" time="0.001" /><testcase classname="tests.test_scraper_advanced.TestScraperConcurrency" name="test_rate_limiting_applied" time="0.227" /><testcase classname="tests.test_scraper_cli.TestScraperCLI" name="test_cli_argument_parsing" time="0.016" /><testcase classname="tests.test_scraper_cli.TestScraperCLI" name="test_cli_input_file_validation" time="0.002" /><testcase classname="tests.test_scraper_cli.TestScraperCLI" name="test_cli_output_directory_creation" time="0.009" /><testcase classname="tests.test_scraper_cli.TestScraperCLI" name="test_cli_with_links_file_argument" time="0.008" /><testcase classname="tests.test_scraper_cli.TestScraperCLI" name="test_cli_with_loader_argument" time="0.004" /><testcase classname="tests.test_scraper_cli.TestScraperCLIErrorHandling" name="test_cli_handles_keyboard_interrupt" time="0.003" /><testcase classname="tests.test_scraper_cli.TestScraperCLIErrorHandling" name="test_cli_handles_fatal_error" time="0.012" /><testcase classname="tests.test_scraper_cli.TestScraperCLIURLParsing" name="test_cli_parses_urls_from_file" time="0.004" /><testcase classname="tests.test_scraper_cli.TestScraperCLIURLParsing" name="test_cli_handles_empty_url_file" time="0.027" /><testcase classname="tests.test_scraper_cli.TestScraperCLIURLParsing" name="test_cli_handles_utf8_with_bom" time="0.011" /><testcase classname="tests.test_scraper_cli.TestScraperCLIURLParsing" name="test_cli_handles_latin1_encoding" time="0.011" /><testcase classname="tests.test_scraper_cli.TestScraperCLIURLParsing" name="test_cli_encoding_fallback_order" time="0.004" /><testcase classname="tests.test_scraper_enhancements.TestLinkExtraction" name="test_extract_outbound_links_filters_and_normalizes" time="0.004" /><testcase classname="tests.test_scraper_enhancements.TestUploaderPayload" name="test_loader_type_stored_in_metadata_not_top_level" time="5.010" /><testcase classname="tests.test_scraper_enhancements.TestFallbackProcessing" name="test_playwright_fallback_when_no_chunks" time="0.039" /><testcase classname="tests.test_scraper_module.TestScraperConfig" name="test_config_initialization" time="0.001" /><testcase classname="tests.test_scraper_module.TestScraperConfig" name="test_config_directory_paths" time="0.006" /><testcase classname="tests.test_scraper_module.TestScraperConfig" name="test_load_config_missing_file" time="0.003" /><testcase classname="tests.test_scraper_module.TestScraperConfig" name="test_load_config_list" time="0.010" /><testcase classname="tests.test_scraper_module.TestScraperConfig" name="test_load_recursive_config" time="0.003" /><testcase classname="tests.test_scraper_module.TestScraperUtils" name="test_convert_github_to_raw" time="0.002" /><testcase classname="tests.test_scraper_module.TestScraperUtils" name="test_convert_non_github_url_unchanged" time="0.001" /><testcase classname="tests.test_scraper_module.TestScraperUtils" name="test_should_skip_url_matching" time="0.007" /><testcase classname="tests.test_scraper_module.TestScraperUtils" name="test_needs_playwright" time="0.001" /><testcase classname="tests.test_scraper_module.TestScraperUtils" name="test_is_csv_file_detection" time="0.001" /><testcase classname="tests.test_scraper_module.TestScraperUtils" name="test_get_crawl_config_matching" time="0.005" /><testcase classname="tests.test_scraper_module.TestScraperUtils" name="test_get_crawl_config_no_match" time="0.001" /><testcase classname="tests.test_scraper_module.TestScraperUtils" name="test_clean_text" time="0.002" /><testcase classname="tests.test_scraper_module.TestScraperUtils" name="test_download_file_success" time="0.004" /><testcase classname="tests.test_scraper_module.TestScraperUtils" name="test_download_file_failure" time="0.002" /><testcase classname="tests.test_scraper_module.TestScraperUtils" name="test_write_to_failed_log" time="0.001" /><testcase classname="tests.test_scraper_module.TestScraperUtils" name="test_prepare_scrape_urls_dedupes_and_skips_localhost" time="0.001" /><testcase classname="tests.test_scraper_module.TestScraperUtils" name="test_prepare_scrape_urls_allows_localhost_when_requested" time="0.001" /><testcase classname="tests.test_scraper_module.TestSmartLoader" name="test_loader_initialization" time="0.001" /><testcase classname="tests.test_scraper_module.TestSmartLoader" name="test_load_url_skips_matching" time="0.002" /><testcase classname="tests.test_scraper_module.TestSmartLoader" name="test_load_url_with_forced_unstructured_loader" time="2.003" /><testcase classname="tests.test_scraper_module.TestDocumentProcessor" name="test_processor_initialization" time="0.001" /><testcase classname="tests.test_scraper_module.TestDocumentProcessor" name="test_process_documents_empty_list" time="0.002" /><testcase classname="tests.test_scraper_module.TestDocumentProcessor" name="test_process_documents_with_content" time="0.001" /><testcase classname="tests.test_scraper_module.TestLinkTracker" name="test_link_tracker_initialization" time="0.001" /><testcase classname="tests.test_scraper_module.TestLinkTracker" name="test_add_links" time="0.004" /><testcase classname="tests.test_scraper_module.TestLinkTracker" name="test_get_summary" time="0.002" /><testcase classname="tests.test_scraper_module.TestLinkTracker" name="test_save_links_to_file" time="0.002" /><testcase classname="tests.test_scraper_module.TestVecinaScraper" name="test_scraper_initialization" time="0.028" /><testcase classname="tests.test_scraper_module.TestVecinaScraper" name="test_scraper_stats_initialization" time="0.025" /><testcase classname="tests.test_scraper_module.TestVecinaScraper" name="test_scrape_urls_empty_list" time="0.030" /><testcase classname="tests.test_scraper_upload_chunks.TestUploadChunksFromFile" name="test_upload_chunks_from_file_success" time="0.037" /><testcase classname="tests.test_scraper_upload_chunks.TestUploadChunksFromFile" name="test_upload_chunks_source_detection" time="0.037" /><testcase classname="tests.test_scraper_upload_chunks.TestUploadChunksFromFile" name="test_upload_chunks_loader_detection" time="0.041" /><testcase classname="tests.test_scraper_upload_chunks.TestUploadChunksFromFile" name="test_upload_chunks_separator_skipping" time="0.040" /><testcase classname="tests.test_scraper_upload_chunks.TestUploadChunksFromFile" name="test_upload_chunks_with_metadata" time="0.033" /><testcase classname="tests.test_scraper_upload_chunks.TestUploadChunksFromFile" name="test_upload_chunks_missing_file" time="0.034" /><testcase classname="tests.test_scraper_upload_chunks.TestUploadChunksFromFile" name="test_upload_chunks_no_uploader" time="0.042" /><testcase classname="tests.test_scraper_upload_chunks.TestUploadChunksFromFile" name="test_upload_chunks_empty_file" time="0.040" /><testcase classname="tests.test_scraper_upload_chunks.TestUploadChunksFromFile" name="test_upload_chunks_batch_grouping" time="0.029" /><testcase classname="tests.test_scraper_upload_chunks.TestUploadChunksFromFile" name="test_upload_chunks_call_signature" time="0.028" /><testcase classname="tests.test_scraper_upload_chunks.TestUploadChunksFromFile" name="test_upload_chunks_with_upload_failure" time="0.036" /><testcase classname="tests.test_scraper_upload_chunks.TestUploadChunksFromFile" name="test_upload_chunks_uploader_exception" time="0.037" /><testcase classname="tests.test_scraper_upload_chunks.TestUploadChunksFromFile" name="test_upload_chunks_metadata_parse_error" time="0.029" /><testcase classname="tests.test_scraper_upload_chunks.TestUploadChunksFromFile" name="test_upload_chunks_stats_tracking" time="0.029" /><testcase classname="tests.test_scraper_upload_chunks.TestUploadChunksFromFile" name="test_upload_chunks_large_file" time="0.030" /><testcase classname="tests.test_scraper_upload_chunks.TestUploadChunksLoggingOutput" name="test_logging_contains_all_required_fields" time="0.035" /><testcase classname="tests.test_scraper_uploader_chroma_wiring" name="test_scraper_uploader_reexports_services_chroma_uploader" time="0.001" /><testcase classname="tests.test_scraper_uploader_chroma_wiring" name="test_scraper_uploader_reexports_document_chunk_dataclass" time="0.001" /><testcase classname="tests.test_services.agent.test_agent_main.TestAgentMainInitialization" name="test_app_creation" time="0.004" /><testcase classname="tests.test_services.agent.test_agent_main.TestAgentMainInitialization" name="test_location_context_configured" time="0.002" /><testcase classname="tests.test_services.agent.test_agent_main.TestAgentThinkingMessages" name="test_agent_thinking_messages_exist" time="0.002" /><testcase classname="tests.test_services.agent.test_agent_main.TestAgentThinkingMessages" name="test_get_agent_thinking_message_english" time="0.001" /><testcase classname="tests.test_services.agent.test_agent_main.TestAgentThinkingMessages" name="test_get_agent_thinking_message_spanish" time="0.009" /><testcase classname="tests.test_services.agent.test_agent_main.TestAgentThinkingMessages" name="test_get_agent_thinking_message_fallback" time="0.002" /><testcase classname="tests.test_services.agent.test_agent_main.TestAgentThinkingMessages" name="test_get_agent_thinking_message_spanish_unknown_tool" time="0.001" /><testcase classname="tests.test_services.agent.test_agent_main.TestAgentState" name="test_agent_state_creation" time="0.010" /><testcase classname="tests.test_services.agent.test_agent_main.TestEmbeddingInitialization" name="test_embedding_service_fallback_chain" time="0.003" /><testcase classname="tests.test_services.agent.test_agent_main.TestLLMInitialization" name="test_llm_initialization_with_groq" time="0.004" /><testcase classname="tests.test_services.agent.test_agent_main.TestToolsInitialization" name="test_tools_initialized" time="0.002" /><testcase classname="tests.test_services.agent.test_agent_main.TestToolsInitialization" name="test_none_tools_filtered" time="0.002" /><testcase classname="tests.test_services.agent.test_agent_main.TestLLMWithTools" name="test_get_llm_with_tools_llama_ollama" time="0.073" /><testcase classname="tests.test_services.agent.test_agent_main.TestLLMWithTools" name="test_get_llm_with_tools_openai" time="0.070" /><testcase classname="tests.test_services.agent.test_agent_main.TestLLMWithTools" name="test_get_llm_with_tools_unsupported_provider" time="0.009" /><testcase classname="tests.test_services.agent.test_agent_main.TestMessageSanitization" name="test_sanitize_human_message" time="0.002" /><testcase classname="tests.test_services.agent.test_agent_main.TestMessageSanitization" name="test_sanitize_tool_message_with_list_content" time="0.002" /><testcase classname="tests.test_services.agent.test_agent_main.TestEnvironmentVariableValidation" name="test_missing_supabase_url_raises_error" time="0.000"><skipped type="pytest.skip" message="Module-level initialization testing is unreliable with mocks/reloads">/root/GitHub/VECINA/vecinita/backend/tests/test_services/agent/test_agent_main.py:463: Module-level initialization testing is unreliable with mocks/reloads</skipped></testcase><testcase classname="tests.test_services.agent.test_agent_main.TestEnvironmentVariableValidation" name="test_missing_llm_provider_raises_error" time="0.004"><skipped type="pytest.skip" message="Module-level initialization testing is unreliable with mocks/reloads">/root/GitHub/VECINA/vecinita/backend/tests/test_services/agent/test_agent_main.py:489: Module-level initialization testing is unreliable with mocks/reloads</skipped></testcase><testcase classname="tests.test_services.embedding.test_embedding_service_main.TestEmbeddingHealth" name="test_health_endpoint" time="0.187" /><testcase classname="tests.test_services.embedding.test_embedding_service_main.TestEmbeddingAuth" name="test_embed_rejects_unauthorized_when_token_enabled" time="0.071" /><testcase classname="tests.test_services.embedding.test_embedding_service_main.TestEmbeddingAuth" name="test_embed_accepts_token_header" time="0.066" /><testcase classname="tests.test_services.embedding.test_embedding_service_main.TestEmbeddingAuth" name="test_embed_accepts_bearer_token_when_auth_enabled" time="0.062" /><testcase classname="tests.test_services.embedding.test_embedding_service_main.TestRootEndpoint" name="test_root_endpoint_returns_service_info" time="0.063" /><testcase classname="tests.test_services.embedding.test_embedding_service_main.TestEmbedSingle" name="test_embed_single_valid_text" time="0.000"><skipped type="pytest.skip" message="Mock fixtures not properly handling array shape conversion">/root/GitHub/VECINA/vecinita/backend/tests/test_services/embedding/test_embedding_service_main.py:112: Mock fixtures not properly handling array shape conversion</skipped></testcase><testcase classname="tests.test_services.embedding.test_embedding_service_main.TestEmbedSingle" name="test_embed_single_empty_text" time="0.081" /><testcase classname="tests.test_services.embedding.test_embedding_service_main.TestEmbedSingle" name="test_embed_single_missing_text" time="0.078" /><testcase classname="tests.test_services.embedding.test_embedding_service_main.TestEmbedSingle" name="test_embed_single_text_too_long" time="0.071" /><testcase classname="tests.test_services.embedding.test_embedding_service_main.TestEmbedBatch" name="test_embed_batch_multiple_texts" time="0.072" /><testcase classname="tests.test_services.embedding.test_embedding_service_main.TestEmbedBatch" name="test_embed_batch_single_text" time="0.078" /><testcase classname="tests.test_services.embedding.test_embedding_service_main.TestEmbedBatch" name="test_embed_batch_empty_list" time="0.074" /><testcase classname="tests.test_services.embedding.test_embedding_service_main.TestEmbedBatch" name="test_embed_batch_too_many_texts" time="0.086" /><testcase classname="tests.test_services.embedding.test_embedding_service_main.TestEmbedBatch" name="test_embed_batch_missing_texts" time="0.077" /><testcase classname="tests.test_services.embedding.test_embedding_service_main.TestConfigEndpoints" name="test_get_config" time="0.074" /><testcase classname="tests.test_services.embedding.test_embedding_service_main.TestConfigEndpoints" name="test_set_config_huggingface" time="0.070" /><testcase classname="tests.test_services.embedding.test_embedding_service_main.TestConfigEndpoints" name="test_set_config_locked_config" time="0.075" /><testcase classname="tests.test_services.embedding.test_embedding_service_main.TestConfigEndpoints" name="test_set_config_unsupported_provider" time="0.423" /><testcase classname="tests.test_services.embedding.test_embedding_service_main.TestConfigEndpoints" name="test_set_config_missing_fields" time="0.071" /><testcase classname="tests.test_services.embedding.test_embedding_service_main.TestSimilarityEndpoint" name="test_similarity_search" time="0.000"><skipped type="pytest.skip" message="sklearn not available in test environment">/root/GitHub/VECINA/vecinita/backend/tests/test_services/embedding/test_embedding_service_main.py:232: sklearn not available in test environment</skipped></testcase><testcase classname="tests.test_services.embedding.test_embedding_service_main.TestSimilarityEndpoint" name="test_similarity_results_sorted" time="0.076" /><testcase classname="tests.test_services.embedding.test_embedding_service_main.TestEmbedRequestModel" name="test_embed_request_valid" time="0.065" /><testcase classname="tests.test_services.embedding.test_embedding_service_main.TestEmbedRequestModel" name="test_embed_request_min_length" time="0.060" /><testcase classname="tests.test_services.embedding.test_embedding_service_main.TestEmbedRequestModel" name="test_embed_request_max_length" time="0.053" /><testcase classname="tests.test_services.embedding.test_embedding_service_main.TestBatchEmbedRequestModel" name="test_batch_embed_request_valid" time="0.058" /><testcase classname="tests.test_services.embedding.test_embedding_service_main.TestBatchEmbedRequestModel" name="test_batch_embed_request_min_items" time="0.064" /><testcase classname="tests.test_services.embedding.test_embedding_service_main.TestBatchEmbedRequestModel" name="test_batch_embed_request_max_items" time="0.075" /><testcase classname="tests.test_services.embedding.test_embedding_service_main.TestEmbeddingResponseModel" name="test_embedding_response_valid" time="0.067" /><testcase classname="tests.test_services.embedding.test_embedding_service_main.TestBatchEmbeddingResponseModel" name="test_batch_embedding_response_valid" time="0.056" /><testcase classname="tests.test_services.embedding.test_embedding_service_main.TestEmbeddingModelLoading" name="test_get_embedding_model_caches_result" time="0.000"><skipped type="pytest.skip" message="sentence_transformers not available in test environment">/root/GitHub/VECINA/vecinita/backend/tests/test_services/embedding/test_embedding_service_main.py:361: sentence_transformers not available in test environment</skipped></testcase><testcase classname="tests.test_services.embedding.test_embedding_service_main.TestEmbeddingModelLoading" name="test_get_embedding_model_raises_on_failure" time="0.000"><skipped type="pytest.skip" message="sentence_transformers not available in test environment">/root/GitHub/VECINA/vecinita/backend/tests/test_services/embedding/test_embedding_service_main.py:383: sentence_transformers not available in test environment</skipped></testcase><testcase classname="tests.test_services.embedding.test_embedding_service_modal.TestEmbeddingModalApp" name="test_module_loads" time="0.011" /><testcase classname="tests.test_services.embedding.test_embedding_service_modal.TestEmbeddingModalApp" name="test_mount_and_secret_configuration" time="0.003" /><testcase classname="tests.test_services.embedding.test_embedding_service_modal.TestEmbeddingModalApp" name="test_web_app_callable" time="0.004" /><testcase classname="tests.test_services.scraper.test_scraper_advanced.TestScraperEdgeCases" name="test_processor_with_no_metadata" time="0.003" /><testcase classname="tests.test_services.scraper.test_scraper_advanced.TestScraperEdgeCases" name="test_link_tracker_with_duplicate_links" time="0.001" /><testcase classname="tests.test_services.scraper.test_scraper_advanced.TestScraperEdgeCases" name="test_config_with_invalid_depth" time="0.007" /><testcase classname="tests.test_services.scraper.test_scraper_advanced.TestScraperEdgeCases" name="test_clean_text_with_only_noise" time="0.001" /><testcase classname="tests.test_services.scraper.test_scraper_advanced.TestScraperEdgeCases" name="test_url_with_special_characters" time="0.001" /><testcase classname="tests.test_services.scraper.test_scraper_advanced.TestScraperEdgeCases" name="test_very_large_chunk_splitting" time="0.027" /><testcase classname="tests.test_services.scraper.test_scraper_advanced.TestScraperWithMockedRequests" name="test_playwright_loader_error_handling" time="20.107" /><testcase classname="tests.test_services.scraper.test_scraper_advanced.TestScraperWithMockedRequests" name="test_recursive_loader_with_depth" time="0.103" /><testcase classname="tests.test_services.scraper.test_scraper_advanced.TestScraperFileOperations" name="test_write_chunks_creates_output_file" time="0.031" /><testcase classname="tests.test_services.scraper.test_scraper_advanced.TestScraperFileOperations" name="test_append_to_existing_output_file" time="0.177" /><testcase classname="tests.test_services.scraper.test_scraper_advanced.TestScraperFileOperations" name="test_failed_log_accumulation" time="0.001" /><testcase classname="tests.test_services.scraper.test_scraper_advanced.TestScraperConcurrency" name="test_rate_limiting_applied" time="0.226" /><testcase classname="tests.test_services.scraper.test_scraper_enhancements.TestLinkExtraction" name="test_extract_outbound_links_filters_and_normalizes" time="0.007" /><testcase classname="tests.test_services.scraper.test_scraper_enhancements.TestUploaderPayload" name="test_loader_type_stored_in_metadata_not_top_level" time="4.080" /><testcase classname="tests.test_services.scraper.test_scraper_enhancements.TestFallbackProcessing" name="test_playwright_fallback_when_no_chunks" time="0.035" /><testcase classname="tests.test_services.scraper.test_scraper_loaders_expanded.TestSmartLoaderClass" name="test_smart_loader_creation" time="0.001" /><testcase classname="tests.test_services.scraper.test_scraper_loaders_expanded.TestSmartLoaderClass" name="test_smart_loader_init_with_config" time="0.014" /><testcase classname="tests.test_services.scraper.test_scraper_loaders_expanded.TestLoadUrlBasic" name="test_load_url_skipped" time="0.003" /><testcase classname="tests.test_services.scraper.test_scraper_loaders_expanded.TestLoadUrlBasic" name="test_load_url_not_skipped" time="0.009" /><testcase classname="tests.test_services.scraper.test_scraper_loaders_expanded.TestLoadUrlBasic" name="test_load_url_error_handling" time="1.003" /><testcase classname="tests.test_services.scraper.test_scraper_loaders_expanded.TestForceLoader" name="test_load_url_with_forced_loader" time="0.003" /><testcase classname="tests.test_services.scraper.test_scraper_loaders_expanded.TestDocumentMetadata" name="test_load_url_document_summary" time="0.005" /><testcase classname="tests.test_services.scraper.test_scraper_loaders_expanded.TestDocumentMetadata" name="test_load_url_missing_metadata" time="0.009" /><testcase classname="tests.test_services.scraper.test_scraper_loaders_expanded.TestLoaderTypeSelection" name="test_select_and_load_returns_tuple" time="0.001" /><testcase classname="tests.test_services.scraper.test_scraper_loaders_expanded.TestLoaderTypeSelection" name="test_select_and_load_retries_playwright_after_standard_failure" time="0.007" /><testcase classname="tests.test_services.scraper.test_scraper_loaders_expanded.TestURLHandling" name="test_load_url_with_failed_log" time="1.004" /><testcase classname="tests.test_services.scraper.test_scraper_loaders_expanded.TestURLHandling" name="test_load_url_github_conversion" time="0.002" /><testcase classname="tests.test_services.scraper.test_scraper_loaders_expanded.TestLoaderConfiguration" name="test_get_crawl_config" time="0.001" /><testcase classname="tests.test_services.scraper.test_scraper_loaders_expanded.TestLoaderConfiguration" name="test_needs_playwright_detection" time="0.002" /><testcase classname="tests.test_services.scraper.test_scraper_loaders_expanded.TestLoaderConfiguration" name="test_csv_file_detection" time="0.002" /><testcase classname="tests.test_services.scraper.test_scraper_loaders_expanded.TestDocumentProcessing" name="test_load_url_document_content_access" time="0.004" /><testcase classname="tests.test_services.scraper.test_scraper_loaders_expanded.TestLoaderErrors" name="test_load_url_network_timeout" time="0.004" /><testcase classname="tests.test_services.scraper.test_scraper_loaders_expanded.TestLoaderErrors" name="test_load_url_invalid_content" time="0.010" /><testcase classname="tests.test_services.scraper.test_scraper_loaders_expanded.TestLoaderPerformance" name="test_load_url_timing" time="0.003" /><testcase classname="tests.test_services.scraper.test_scraper_loaders_expanded.TestLoaderPerformance" name="test_load_url_document_statistics" time="0.004" /><testcase classname="tests.test_services.scraper.test_scraper_modal_app" name="test_scraper_modal_app_loads" time="0.016" /><testcase classname="tests.test_services.scraper.test_scraper_modal_app" name="test_scraper_modal_schedule_default" time="0.005" /><testcase classname="tests.test_services.scraper.test_scraper_module.TestScraperConfig" name="test_config_initialization" time="0.002" /><testcase classname="tests.test_services.scraper.test_scraper_module.TestScraperConfig" name="test_config_directory_paths" time="0.002" /><testcase classname="tests.test_services.scraper.test_scraper_module.TestScraperConfig" name="test_load_config_missing_file" time="0.006" /><testcase classname="tests.test_services.scraper.test_scraper_module.TestScraperConfig" name="test_load_config_list" time="0.002" /><testcase classname="tests.test_services.scraper.test_scraper_module.TestScraperConfig" name="test_load_recursive_config" time="0.006" /><testcase classname="tests.test_services.scraper.test_scraper_module.TestScraperUtils" name="test_normalize_scrape_url" time="0.001" /><testcase classname="tests.test_services.scraper.test_scraper_module.TestScraperUtils" name="test_convert_github_to_raw" time="0.001" /><testcase classname="tests.test_services.scraper.test_scraper_module.TestScraperUtils" name="test_convert_non_github_url_unchanged" time="0.004" /><testcase classname="tests.test_services.scraper.test_scraper_module.TestScraperUtils" name="test_prepare_scrape_urls_dedupes_and_converts_github" time="0.001" /><testcase classname="tests.test_services.scraper.test_scraper_module.TestScraperUtils" name="test_should_skip_url_matching" time="0.005" /><testcase classname="tests.test_services.scraper.test_scraper_module.TestScraperUtils" name="test_needs_playwright" time="0.001" /><testcase classname="tests.test_services.scraper.test_scraper_module.TestScraperUtils" name="test_is_csv_file_detection" time="0.001" /><testcase classname="tests.test_services.scraper.test_scraper_module.TestScraperUtils" name="test_get_crawl_config_matching" time="0.005" /><testcase classname="tests.test_services.scraper.test_scraper_module.TestScraperUtils" name="test_get_crawl_config_no_match" time="0.001" /><testcase classname="tests.test_services.scraper.test_scraper_module.TestScraperUtils" name="test_clean_text" time="0.001" /><testcase classname="tests.test_services.scraper.test_scraper_module.TestScraperUtils" name="test_download_file_success" time="0.007" /><testcase classname="tests.test_services.scraper.test_scraper_module.TestScraperUtils" name="test_download_file_failure" time="0.005" /><testcase classname="tests.test_services.scraper.test_scraper_module.TestScraperUtils" name="test_write_to_failed_log" time="0.001" /><testcase classname="tests.test_services.scraper.test_scraper_module.TestSmartLoader" name="test_loader_initialization" time="0.001" /><testcase classname="tests.test_services.scraper.test_scraper_module.TestSmartLoader" name="test_load_url_skips_matching" time="0.002" /><testcase classname="tests.test_services.scraper.test_scraper_module.TestSmartLoader" name="test_load_url_with_forced_unstructured_loader" time="2.003" /><testcase classname="tests.test_services.scraper.test_scraper_module.TestDocumentProcessor" name="test_processor_initialization" time="0.002" /><testcase classname="tests.test_services.scraper.test_scraper_module.TestDocumentProcessor" name="test_process_documents_empty_list" time="0.003" /><testcase classname="tests.test_services.scraper.test_scraper_module.TestDocumentProcessor" name="test_process_documents_with_content" time="0.001" /><testcase classname="tests.test_services.scraper.test_scraper_module.TestLinkTracker" name="test_link_tracker_initialization" time="0.001" /><testcase classname="tests.test_services.scraper.test_scraper_module.TestLinkTracker" name="test_add_links" time="0.001" /><testcase classname="tests.test_services.scraper.test_scraper_module.TestLinkTracker" name="test_get_summary" time="0.001" /><testcase classname="tests.test_services.scraper.test_scraper_module.TestLinkTracker" name="test_save_links_to_file" time="0.001" /><testcase classname="tests.test_services.scraper.test_scraper_module.TestVecinaScraper" name="test_scraper_initialization" time="0.028" /><testcase classname="tests.test_services.scraper.test_scraper_module.TestVecinaScraper" name="test_scraper_stats_initialization" time="0.030" /><testcase classname="tests.test_services.scraper.test_scraper_module.TestVecinaScraper" name="test_scrape_urls_empty_list" time="0.031" /><testcase classname="tests.test_services.scraper.test_scraper_upload_chunks.TestUploadChunksFromFile" name="test_upload_chunks_from_file_success" time="0.037" /><testcase classname="tests.test_services.scraper.test_scraper_upload_chunks.TestUploadChunksFromFile" name="test_upload_chunks_source_detection" time="0.043" /><testcase classname="tests.test_services.scraper.test_scraper_upload_chunks.TestUploadChunksFromFile" name="test_upload_chunks_loader_detection" time="0.042" /><testcase classname="tests.test_services.scraper.test_scraper_upload_chunks.TestUploadChunksFromFile" name="test_upload_chunks_separator_skipping" time="0.043" /><testcase classname="tests.test_services.scraper.test_scraper_upload_chunks.TestUploadChunksFromFile" name="test_upload_chunks_with_metadata" time="0.039" /><testcase classname="tests.test_services.scraper.test_scraper_upload_chunks.TestUploadChunksFromFile" name="test_upload_chunks_missing_file" time="0.041" /><testcase classname="tests.test_services.scraper.test_scraper_upload_chunks.TestUploadChunksFromFile" name="test_upload_chunks_no_uploader" time="0.034" /><testcase classname="tests.test_services.scraper.test_scraper_upload_chunks.TestUploadChunksFromFile" name="test_upload_chunks_empty_file" time="0.048" /><testcase classname="tests.test_services.scraper.test_scraper_upload_chunks.TestUploadChunksFromFile" name="test_upload_chunks_batch_grouping" time="0.040" /><testcase classname="tests.test_services.scraper.test_scraper_upload_chunks.TestUploadChunksFromFile" name="test_upload_chunks_call_signature" time="0.035" /><testcase classname="tests.test_services.scraper.test_scraper_upload_chunks.TestUploadChunksFromFile" name="test_upload_chunks_with_upload_failure" time="0.038" /><testcase classname="tests.test_services.scraper.test_scraper_upload_chunks.TestUploadChunksFromFile" name="test_upload_chunks_uploader_exception" time="0.032" /><testcase classname="tests.test_services.scraper.test_scraper_upload_chunks.TestUploadChunksFromFile" name="test_upload_chunks_metadata_parse_error" time="0.041" /><testcase classname="tests.test_services.scraper.test_scraper_upload_chunks.TestUploadChunksFromFile" name="test_upload_chunks_stats_tracking" time="0.040" /><testcase classname="tests.test_services.scraper.test_scraper_upload_chunks.TestUploadChunksFromFile" name="test_upload_chunks_large_file" time="0.038" /><testcase classname="tests.test_services.scraper.test_scraper_upload_chunks.TestUploadChunksLoggingOutput" name="test_logging_contains_all_required_fields" time="0.030" /><testcase classname="tests.test_services.scraper.test_scraper_uploader_expanded.TestDocumentChunkDataclass" name="test_document_chunk_creation" time="0.001"><skipped type="pytest.skip" message="Legacy Supabase uploader contract tests; uploader now targets Chroma store.">/root/GitHub/VECINA/vecinita/backend/tests/test_services/scraper/test_scraper_uploader_expanded.py:22: Legacy Supabase uploader contract tests; uploader now targets Chroma store.</skipped></testcase><testcase classname="tests.test_services.scraper.test_scraper_uploader_expanded.TestDocumentChunkDataclass" name="test_document_chunk_optional_fields" time="0.000"><skipped type="pytest.skip" message="Legacy Supabase uploader contract tests; uploader now targets Chroma store.">/root/GitHub/VECINA/vecinita/backend/tests/test_services/scraper/test_scraper_uploader_expanded.py:38: Legacy Supabase uploader contract tests; uploader now targets Chroma store.</skipped></testcase><testcase classname="tests.test_services.scraper.test_scraper_uploader_expanded.TestDocumentChunkDataclass" name="test_document_chunk_defaults" time="0.000"><skipped type="pytest.skip" message="Legacy Supabase uploader contract tests; uploader now targets Chroma store.">/root/GitHub/VECINA/vecinita/backend/tests/test_services/scraper/test_scraper_uploader_expanded.py:53: Legacy Supabase uploader contract tests; uploader now targets Chroma store.</skipped></testcase><testcase classname="tests.test_services.scraper.test_scraper_uploader_expanded.TestDatabaseUploaderInitialization" name="test_uploader_init_with_local_embeddings" time="0.001"><skipped type="pytest.skip" message="Legacy Supabase uploader contract tests; uploader now targets Chroma store.">/root/GitHub/VECINA/vecinita/backend/tests/test_services/scraper/test_scraper_uploader_expanded.py:72: Legacy Supabase uploader contract tests; uploader now targets Chroma store.</skipped></testcase><testcase classname="tests.test_services.scraper.test_scraper_uploader_expanded.TestDatabaseUploaderInitialization" name="test_uploader_init_missing_supabase" time="0.001"><skipped type="pytest.skip" message="Legacy Supabase uploader contract tests; uploader now targets Chroma store.">/root/GitHub/VECINA/vecinita/backend/tests/test_services/scraper/test_scraper_uploader_expanded.py:90: Legacy Supabase uploader contract tests; uploader now targets Chroma store.</skipped></testcase><testcase classname="tests.test_services.scraper.test_scraper_uploader_expanded.TestDatabaseUploaderInitialization" name="test_uploader_missing_supabase_credentials" time="0.001"><skipped type="pytest.skip" message="Legacy Supabase uploader contract tests; uploader now targets Chroma store.">/root/GitHub/VECINA/vecinita/backend/tests/test_services/scraper/test_scraper_uploader_expanded.py:98: Legacy Supabase uploader contract tests; uploader now targets Chroma store.</skipped></testcase><testcase classname="tests.test_services.scraper.test_scraper_uploader_expanded.TestEmbeddingInitialization" name="test_init_embeddings_with_service" time="0.001"><skipped type="pytest.skip" message="Legacy Supabase uploader contract tests; uploader now targets Chroma store.">/root/GitHub/VECINA/vecinita/backend/tests/test_services/scraper/test_scraper_uploader_expanded.py:117: Legacy Supabase uploader contract tests; uploader now targets Chroma store.</skipped></testcase><testcase classname="tests.test_services.scraper.test_scraper_uploader_expanded.TestEmbeddingInitialization" name="test_init_embeddings_fallback_to_fastembed" time="0.001"><skipped type="pytest.skip" message="Legacy Supabase uploader contract tests; uploader now targets Chroma store.">/root/GitHub/VECINA/vecinita/backend/tests/test_services/scraper/test_scraper_uploader_expanded.py:134: Legacy Supabase uploader contract tests; uploader now targets Chroma store.</skipped></testcase><testcase classname="tests.test_services.scraper.test_scraper_uploader_expanded.TestEmbeddingInitialization" name="test_init_embeddings_fallback_to_huggingface" time="0.000"><skipped type="pytest.skip" message="Legacy Supabase uploader contract tests; uploader now targets Chroma store.">/root/GitHub/VECINA/vecinita/backend/tests/test_services/scraper/test_scraper_uploader_expanded.py:156: Legacy Supabase uploader contract tests; uploader now targets Chroma store.</skipped></testcase><testcase classname="tests.test_services.scraper.test_scraper_uploader_expanded.TestEmbeddingInitialization" name="test_init_embeddings_all_fail" time="0.000"><skipped type="pytest.skip" message="Legacy Supabase uploader contract tests; uploader now targets Chroma store.">/root/GitHub/VECINA/vecinita/backend/tests/test_services/scraper/test_scraper_uploader_expanded.py:178: Legacy Supabase uploader contract tests; uploader now targets Chroma store.</skipped></testcase><testcase classname="tests.test_services.scraper.test_scraper_uploader_expanded.TestSupabaseInitialization" name="test_init_supabase_success" time="0.000"><skipped type="pytest.skip" message="Legacy Supabase uploader contract tests; uploader now targets Chroma store.">/root/GitHub/VECINA/vecinita/backend/tests/test_services/scraper/test_scraper_uploader_expanded.py:199: Legacy Supabase uploader contract tests; uploader now targets Chroma store.</skipped></testcase><testcase classname="tests.test_services.scraper.test_scraper_uploader_expanded.TestSupabaseInitialization" name="test_init_supabase_missing_url" time="0.000"><skipped type="pytest.skip" message="Legacy Supabase uploader contract tests; uploader now targets Chroma store.">/root/GitHub/VECINA/vecinita/backend/tests/test_services/scraper/test_scraper_uploader_expanded.py:224: Legacy Supabase uploader contract tests; uploader now targets Chroma store.</skipped></testcase><testcase classname="tests.test_services.scraper.test_scraper_uploader_expanded.TestSupabaseInitialization" name="test_init_supabase_missing_key" time="0.000"><skipped type="pytest.skip" message="Legacy Supabase uploader contract tests; uploader now targets Chroma store.">/root/GitHub/VECINA/vecinita/backend/tests/test_services/scraper/test_scraper_uploader_expanded.py:240: Legacy Supabase uploader contract tests; uploader now targets Chroma store.</skipped></testcase><testcase classname="tests.test_services.scraper.test_scraper_uploader_expanded.TestUploadChunks" name="test_upload_chunks_basic" time="0.000"><skipped type="pytest.skip" message="Legacy Supabase uploader contract tests; uploader now targets Chroma store.">/root/GitHub/VECINA/vecinita/backend/tests/test_services/scraper/test_scraper_uploader_expanded.py:264: Legacy Supabase uploader contract tests; uploader now targets Chroma store.</skipped></testcase><testcase classname="tests.test_services.scraper.test_scraper_uploader_expanded.TestUploadChunks" name="test_upload_chunks_empty_list" time="0.000"><skipped type="pytest.skip" message="Legacy Supabase uploader contract tests; uploader now targets Chroma store.">/root/GitHub/VECINA/vecinita/backend/tests/test_services/scraper/test_scraper_uploader_expanded.py:316: Legacy Supabase uploader contract tests; uploader now targets Chroma store.</skipped></testcase><testcase classname="tests.test_services.scraper.test_scraper_uploader_expanded.TestUploadChunks" name="test_upload_chunks_propagates_source_tags" time="0.000"><skipped type="pytest.skip" message="Legacy Supabase uploader contract tests; uploader now targets Chroma store.">/root/GitHub/VECINA/vecinita/backend/tests/test_services/scraper/test_scraper_uploader_expanded.py:342: Legacy Supabase uploader contract tests; uploader now targets Chroma store.</skipped></testcase><testcase classname="tests.test_services.scraper.test_scraper_uploader_expanded.TestUploadChunks" name="test_upload_chunks_batch_size" time="0.000"><skipped type="pytest.skip" message="Legacy Supabase uploader contract tests; uploader now targets Chroma store.">/root/GitHub/VECINA/vecinita/backend/tests/test_services/scraper/test_scraper_uploader_expanded.py:399: Legacy Supabase uploader contract tests; uploader now targets Chroma store.</skipped></testcase><testcase classname="tests.test_services.scraper.test_uploader_chroma_metadata" name="test_upload_chunks_omits_empty_tags_and_sets_source_locator" time="0.010" /><testcase classname="tests.test_services.scraper.test_uploader_chroma_metadata" name="test_chunk_id_is_stable_for_upsert_updates" time="0.003" /><testcase classname="tests.test_services.scraper.test_uploader_chroma_metadata" name="test_upload_chunks_uses_deepseek_structured_tags_when_available" time="0.007" /><testcase classname="tests.test_services.scraper.test_uploader_chroma_metadata" name="test_upload_chunks_merges_deepseek_facets_into_search_tags_and_metadata" time="0.005" /><testcase classname="tests.test_services.scraper.test_uploader_chroma_metadata" name="test_upload_chunks_infers_source_tags_and_bilingual_fields_without_llm" time="0.006" /><testcase classname="tests.test_services.scraper.test_uploader_chroma_metadata" name="test_upload_chunks_uses_deepseek_json_fallback_when_response_format_unavailable" time="0.013" /><testcase classname="tests.test_services.scraper.test_uploader_chroma_metadata" name="test_upload_chunks_reuses_existing_source_tags_with_deepseek_tags" time="0.004" /><testcase classname="tests.test_services.scraper.test_uploader_chroma_metadata" name="test_init_tagger_uses_groq_when_deepseek_unavailable" time="0.002" /><testcase classname="tests.test_services.scraper.test_uploader_chroma_metadata" name="test_upload_chunks_syncs_to_supabase_with_retry_in_degraded_mode" time="0.005" /><testcase classname="tests.test_services.scraper.test_uploader_chroma_metadata" name="test_upload_chunks_queues_supabase_sync_rows_when_all_retries_fail" time="0.005" /><testcase classname="tests.test_services.scraper.test_uploader_chroma_metadata" name="test_upload_chunks_strict_sync_mode_fails_when_supabase_unavailable" time="0.014" /><testcase classname="tests.test_services.scraper.test_uploader_chroma_metadata" name="test_upload_chunks_flushes_pending_sync_queue_before_new_batch" time="0.004" /><testcase classname="tests.test_services.test_chroma_store_metadata" name="test_upsert_chunks_drops_empty_tags_from_metadata" time="0.002" /><testcase classname="tests.test_services.test_chroma_store_metadata" name="test_upsert_source_drops_empty_tags_from_metadata" time="0.001" /><testcase classname="tests.test_tags_utils" name="test_infer_tags_from_spanish_text_returns_canonical_english_tags" time="0.001" /><testcase classname="tests.test_tags_utils" name="test_build_bilingual_tag_fields_generates_en_and_es_lists" time="0.003" /></testsuite></testsuites>