<?xml version="1.0" encoding="utf-8"?><testsuites name="pytest tests"><testsuite name="pytest" errors="0" failures="0" skipped="0" tests="34" time="6.793" timestamp="2026-04-04T14:30:25.006501+00:00" hostname="coder1281aonubuntu2004-s-2vcpu-8gb-amd-nyc3-01"><testcase classname="tests.test_main" name="test_validate_api_key_format_accepts_known_prefixes" time="3.095" /><testcase classname="tests.test_main" name="test_validate_api_key_format_rejects_invalid_values" time="0.163" /><testcase classname="tests.test_main" name="test_rate_limit_blocks_after_repeated_failures" time="0.109" /><testcase classname="tests.test_main" name="test_password_complexity_validation_rejects_weak_password" time="0.089" /><testcase classname="tests.test_main" name="test_health_endpoint" time="0.117" /><testcase classname="tests.test_main" name="test_validate_key_marks_invalid_and_records_failure" time="0.094" /><testcase classname="tests.test_main" name="test_validate_key_blocks_after_five_failures" time="0.130" /><testcase classname="tests.test_main" name="test_token_requires_authorization_header" time="0.084" /><testcase classname="tests.test_main" name="test_token_generation_with_valid_key" time="0.090" /><testcase classname="tests.test_main" name="test_track_usage_increments_and_usage_endpoint_reflects_values" time="0.099" /><testcase classname="tests.test_main" name="test_track_usage_enforces_daily_limit" time="0.095" /><testcase classname="tests.test_main" name="test_config_endpoint_has_security_and_feature_flags" time="0.078" /><testcase classname="tests.test_main" name="test_rate_limit_increment_resets_after_day_boundary" time="0.074" /><testcase classname="tests.test_main" name="test_rate_limit_increment_raises_for_blocked_key" time="0.071" /><testcase classname="tests.test_main" name="test_reset_failed_attempts_removes_counter" time="0.071" /><testcase classname="tests.test_main" name="test_password_complexity_validation_rejects_missing_character_classes" time="0.068" /><testcase classname="tests.test_main" name="test_hash_password_matches_sha256" time="0.074" /><testcase classname="tests.test_main" name="test_validate_api_key_handles_internal_exception" time="0.079" /><testcase classname="tests.test_main" name="test_get_api_key_from_header_rejects_missing_header" time="0.068" /><testcase classname="tests.test_main" name="test_get_api_key_from_header_rejects_invalid_header_format" time="0.085" /><testcase classname="tests.test_main" name="test_get_api_key_from_header_rejects_blocked_key" time="0.077" /><testcase classname="tests.test_main" name="test_validate_key_success_branch_returns_metadata" time="0.093" /><testcase classname="tests.test_main" name="test_validate_key_handles_internal_exception_branch" time="0.086" /><testcase classname="tests.test_main" name="test_token_endpoint_rejects_invalid_api_key" time="0.098" /><testcase classname="tests.test_main" name="test_token_endpoint_handles_unexpected_error" time="0.090" /><testcase classname="tests.test_main" name="test_usage_endpoint_defaults_when_no_stats_exist" time="0.089" /><testcase classname="tests.test_main" name="test_track_usage_handles_unexpected_error" time="0.086" /><testcase classname="tests.test_main" name="test_change_password_success" time="0.083" /><testcase classname="tests.test_main" name="test_change_password_handles_unexpected_error" time="0.076" /><testcase classname="tests.test_main" name="test_http_exception_handler_formats_payload" time="0.083" /><testcase classname="tests.test_main" name="test_lifespan_context_runs_startup_and_shutdown" time="0.076" /><testcase classname="tests.test_main" name="test_lifespan_context_handles_startup_exception" time="0.075" /><testcase classname="tests.test_main" name="test_import_package_init_module_executes_version_constant" time="0.006" /><testcase classname="tests.test_main" name="test_module_raises_if_required_env_is_missing" time="0.064" /></testsuite></testsuites>