<?xml version="1.0" encoding="utf-8"?><testsuites name="pytest tests"><testsuite name="pytest" errors="5" failures="0" skipped="1" tests="6" time="6.731" timestamp="2026-04-04T14:18:58.283957+00:00" hostname="coder1281aonubuntu2004-s-2vcpu-8gb-amd-nyc3-01"><testcase classname="" name="tests.integration.test_api_schema_schemathesis" time="0.000"><skipped message="collection skipped">('/root/GitHub/VECINA/vecinita/backend/tests/integration/test_api_schema_schemathesis.py', 11, "Skipped: could not import 'schemathesis': No module named 'schemathesis'")</skipped></testcase><testcase classname="" name="tests.test_scraper_advanced" time="0.000"><error message="collection failure">ImportError while importing test module '/root/GitHub/VECINA/vecinita/backend/tests/test_scraper_advanced.py'.
Hint: make sure your test modules/packages have valid Python names.
Traceback:
/usr/local/lib/python3.11/dist-packages/_pytest/python.py:507: in importtestmodule
    mod = import_path(
/usr/local/lib/python3.11/dist-packages/_pytest/pathlib.py:587: in import_path
    importlib.import_module(module_name)
/usr/lib/python3.11/importlib/__init__.py:126: in import_module
    return _bootstrap._gcd_import(name[level:], package, level)
           ^^^^^^^^^^^^^^^^^^^^^^^^^^^^^^^^^^^^^^^^^^^^^^^^^^^^
&lt;frozen importlib._bootstrap&gt;:1206: in _gcd_import
    ???
&lt;frozen importlib._bootstrap&gt;:1178: in _find_and_load
    ???
&lt;frozen importlib._bootstrap&gt;:1149: in _find_and_load_unlocked
    ???
&lt;frozen importlib._bootstrap&gt;:690: in _load_unlocked
    ???
/usr/local/lib/python3.11/dist-packages/_pytest/assertion/rewrite.py:197: in exec_module
    exec(co, module.__dict__)
tests/test_scraper_advanced.py:15: in &lt;module&gt;
    from src.scraper.processors import DocumentProcessor
src/scraper/processors.py:10: in &lt;module&gt;
    from langchain_community.document_transformers import BeautifulSoupTransformer
E   ModuleNotFoundError: No module named 'langchain_community'</error></testcase><testcase classname="" name="tests.test_scraper_upload_chunks" time="0.000"><error message="collection failure">ImportError while importing test module '/root/GitHub/VECINA/vecinita/backend/tests/test_scraper_upload_chunks.py'.
Hint: make sure your test modules/packages have valid Python names.
Traceback:
/usr/local/lib/python3.11/dist-packages/_pytest/python.py:507: in importtestmodule
    mod = import_path(
/usr/local/lib/python3.11/dist-packages/_pytest/pathlib.py:587: in import_path
    importlib.import_module(module_name)
/usr/lib/python3.11/importlib/__init__.py:126: in import_module
    return _bootstrap._gcd_import(name[level:], package, level)
           ^^^^^^^^^^^^^^^^^^^^^^^^^^^^^^^^^^^^^^^^^^^^^^^^^^^^
&lt;frozen importlib._bootstrap&gt;:1206: in _gcd_import
    ???
&lt;frozen importlib._bootstrap&gt;:1178: in _find_and_load
    ???
&lt;frozen importlib._bootstrap&gt;:1149: in _find_and_load_unlocked
    ???
&lt;frozen importlib._bootstrap&gt;:690: in _load_unlocked
    ???
/usr/local/lib/python3.11/dist-packages/_pytest/assertion/rewrite.py:197: in exec_module
    exec(co, module.__dict__)
tests/test_scraper_upload_chunks.py:13: in &lt;module&gt;
    from src.scraper.scraper import VecinaScraper
src/scraper/scraper.py:13: in &lt;module&gt;
    from .processors import DocumentProcessor
src/scraper/processors.py:10: in &lt;module&gt;
    from langchain_community.document_transformers import BeautifulSoupTransformer
E   ModuleNotFoundError: No module named 'langchain_community'</error></testcase><testcase classname="" name="tests.test_services.scraper.test_scraper_advanced" time="0.000"><error message="collection failure">ImportError while importing test module '/root/GitHub/VECINA/vecinita/backend/tests/test_services/scraper/test_scraper_advanced.py'.
Hint: make sure your test modules/packages have valid Python names.
Traceback:
/usr/local/lib/python3.11/dist-packages/_pytest/python.py:507: in importtestmodule
    mod = import_path(
/usr/local/lib/python3.11/dist-packages/_pytest/pathlib.py:587: in import_path
    importlib.import_module(module_name)
/usr/lib/python3.11/importlib/__init__.py:126: in import_module
    return _bootstrap._gcd_import(name[level:], package, level)
           ^^^^^^^^^^^^^^^^^^^^^^^^^^^^^^^^^^^^^^^^^^^^^^^^^^^^
&lt;frozen importlib._bootstrap&gt;:1206: in _gcd_import
    ???
&lt;frozen importlib._bootstrap&gt;:1178: in _find_and_load
    ???
&lt;frozen importlib._bootstrap&gt;:1149: in _find_and_load_unlocked
    ???
&lt;frozen importlib._bootstrap&gt;:690: in _load_unlocked
    ???
/usr/local/lib/python3.11/dist-packages/_pytest/assertion/rewrite.py:197: in exec_module
    exec(co, module.__dict__)
tests/test_services/scraper/test_scraper_advanced.py:15: in &lt;module&gt;
    from src.services.scraper.processors import DocumentProcessor
src/services/scraper/processors.py:10: in &lt;module&gt;
    from langchain_community.document_transformers import BeautifulSoupTransformer
E   ModuleNotFoundError: No module named 'langchain_community'</error></testcase><testcase classname="" name="tests.test_services.scraper.test_scraper_upload_chunks" time="0.000"><error message="collection failure">ImportError while importing test module '/root/GitHub/VECINA/vecinita/backend/tests/test_services/scraper/test_scraper_upload_chunks.py'.
Hint: make sure your test modules/packages have valid Python names.
Traceback:
/usr/local/lib/python3.11/dist-packages/_pytest/python.py:507: in importtestmodule
    mod = import_path(
/usr/local/lib/python3.11/dist-packages/_pytest/pathlib.py:587: in import_path
    importlib.import_module(module_name)
/usr/lib/python3.11/importlib/__init__.py:126: in import_module
    return _bootstrap._gcd_import(name[level:], package, level)
           ^^^^^^^^^^^^^^^^^^^^^^^^^^^^^^^^^^^^^^^^^^^^^^^^^^^^
&lt;frozen importlib._bootstrap&gt;:1206: in _gcd_import
    ???
&lt;frozen importlib._bootstrap&gt;:1178: in _find_and_load
    ???
&lt;frozen importlib._bootstrap&gt;:1149: in _find_and_load_unlocked
    ???
&lt;frozen importlib._bootstrap&gt;:690: in _load_unlocked
    ???
/usr/local/lib/python3.11/dist-packages/_pytest/assertion/rewrite.py:197: in exec_module
    exec(co, module.__dict__)
tests/test_services/scraper/test_scraper_upload_chunks.py:13: in &lt;module&gt;
    from src.services.scraper.scraper import VecinaScraper
src/services/scraper/scraper.py:13: in &lt;module&gt;
    from .processors import DocumentProcessor
src/services/scraper/processors.py:10: in &lt;module&gt;
    from langchain_community.document_transformers import BeautifulSoupTransformer
E   ModuleNotFoundError: No module named 'langchain_community'</error></testcase><testcase classname="" name="tests.test_services.test_chroma_store_metadata" time="0.000"><error message="collection failure">ImportError while importing test module '/root/GitHub/VECINA/vecinita/backend/tests/test_services/test_chroma_store_metadata.py'.
Hint: make sure your test modules/packages have valid Python names.
Traceback:
/usr/local/lib/python3.11/dist-packages/_pytest/python.py:507: in importtestmodule
    mod = import_path(
/usr/local/lib/python3.11/dist-packages/_pytest/pathlib.py:587: in import_path
    importlib.import_module(module_name)
/usr/lib/python3.11/importlib/__init__.py:126: in import_module
    return _bootstrap._gcd_import(name[level:], package, level)
           ^^^^^^^^^^^^^^^^^^^^^^^^^^^^^^^^^^^^^^^^^^^^^^^^^^^^
&lt;frozen importlib._bootstrap&gt;:1206: in _gcd_import
    ???
&lt;frozen importlib._bootstrap&gt;:1178: in _find_and_load
    ???
&lt;frozen importlib._bootstrap&gt;:1149: in _find_and_load_unlocked
    ???
&lt;frozen importlib._bootstrap&gt;:690: in _load_unlocked
    ???
/usr/local/lib/python3.11/dist-packages/_pytest/assertion/rewrite.py:197: in exec_module
    exec(co, module.__dict__)
tests/test_services/test_chroma_store_metadata.py:5: in &lt;module&gt;
    from src.services.chroma_store import ChromaStore
src/services/chroma_store.py:16: in &lt;module&gt;
    import chromadb  # type: ignore[import-not-found]
    ^^^^^^^^^^^^^^^
E   ModuleNotFoundError: No module named 'chromadb'</error></testcase></testsuite></testsuites>