<?xml version="1.0" encoding="utf-8"?>
<testsuites disabled="0" errors="0" failures="4" tests="31" time="810.7762486384017">
	<testsuite disabled="0" errors="0" failures="4" name="schemathesis" skipped="0" tests="31" time="810.7762486384017" hostname="coder1281aonubuntu2004-s-2vcpu-8gb-amd-nyc3-01">
		<testcase name="POST /api/v1/embed" time="33.375563"/>
		<testcase name="POST /api/v1/embed/batch" time="44.831637"/>
		<testcase name="POST /api/v1/embed/config" time="2.339995"/>
		<testcase name="POST /api/v1/embed/similarity" time="14.318032"/>
		<testcase name="POST /api/v1/modal-jobs/reindex/spawn" time="7.225783"/>
		<testcase name="POST /api/v1/modal-jobs/scraper" time="34.483626">
			<failure type="failure" message="1. Test Case ID: C4tCfE

- Server error

[500] Internal Server Error:

    `{&quot;error&quot;:&quot;Failed to create scraping job: could not translate host name \&quot;dpg-d7chlqt7vvec73b700ng-a\&quot; to address: Name or service not known\n&quot;,&quot;timestamp&quot;:&quot;2026-04-18T21:32:07.767489+00:00&quot;}`

Reproduce with:

    curl -X POST -H 'Content-Type: application/json' -d '{&quot;chunking_config&quot;: {}, &quot;crawl_config&quot;: {}, &quot;metadata&quot;: {&quot;source&quot;: &quot;openapi-example&quot;}, &quot;url&quot;: &quot;https://www.city.gov/housing/guide&quot;, &quot;user_id&quot;: &quot;schemathesis&quot;}' https://vecinita-gateway-lx27.onrender.com/api/v1/modal-jobs/scraper"/>
			<failure type="failure" message="1. Test Case ID: C4tCfE

- Server error

[500] Internal Server Error:

    `{&quot;error&quot;:&quot;Failed to create scraping job: could not translate host name \&quot;dpg-d7chlqt7vvec73b700ng-a\&quot; to address: Name or service not known\n&quot;,&quot;timestamp&quot;:&quot;2026-04-18T21:32:07.767489+00:00&quot;}`

Reproduce with:

    curl -X POST -H 'Content-Type: application/json' -d '{&quot;chunking_config&quot;: {}, &quot;crawl_config&quot;: {}, &quot;metadata&quot;: {&quot;source&quot;: &quot;openapi-example&quot;}, &quot;url&quot;: &quot;https://www.city.gov/housing/guide&quot;, &quot;user_id&quot;: &quot;schemathesis&quot;}' https://vecinita-gateway-lx27.onrender.com/api/v1/modal-jobs/scraper"/>
			<failure type="failure" message="1. Test Case ID: C4tCfE

- Server error

[500] Internal Server Error:

    `{&quot;error&quot;:&quot;Failed to create scraping job: could not translate host name \&quot;dpg-d7chlqt7vvec73b700ng-a\&quot; to address: Name or service not known\n&quot;,&quot;timestamp&quot;:&quot;2026-04-18T21:32:07.767489+00:00&quot;}`

Reproduce with:

    curl -X POST -H 'Content-Type: application/json' -d '{&quot;chunking_config&quot;: {}, &quot;crawl_config&quot;: {}, &quot;metadata&quot;: {&quot;source&quot;: &quot;openapi-example&quot;}, &quot;url&quot;: &quot;https://www.city.gov/housing/guide&quot;, &quot;user_id&quot;: &quot;schemathesis&quot;}' https://vecinita-gateway-lx27.onrender.com/api/v1/modal-jobs/scraper"/>
		</testcase>
		<testcase name="POST /api/v1/scrape" time="21.854474"/>
		<testcase name="POST /api/v1/scrape/cleanup" time="0.447044"/>
		<testcase name="GET /" time="0.395375"/>
		<testcase name="GET /api/v1/ask" time="263.748517"/>
		<testcase name="GET /api/v1/ask/config" time="1.062647"/>
		<testcase name="GET /api/v1/ask/stream" time="197.023639"/>
		<testcase name="GET /api/v1/documents/chunk-statistics" time="2.676399"/>
		<testcase name="GET /api/v1/documents/download-url" time="2.532837"/>
		<testcase name="GET /api/v1/documents/overview" time="5.465603"/>
		<testcase name="GET /api/v1/documents/preview" time="3.072747"/>
		<testcase name="GET /api/v1/documents/tags" time="4.719948"/>
		<testcase name="GET /api/v1/embed/config" time="0.369164"/>
		<testcase name="GET /api/v1/modal-jobs/registry" time="30.645842"/>
		<testcase name="GET /api/v1/modal-jobs/registry/{gateway_job_id}" time="1.898366"/>
		<testcase name="GET /api/v1/modal-jobs/scraper" time="38.440865">
			<failure type="failure" message="1. Test Case ID: pjIcN7

- Server error

[500] Internal Server Error:

    `{&quot;error&quot;:&quot;Failed to list jobs: could not translate host name \&quot;dpg-d7chlqt7vvec73b700ng-a\&quot; to address: Name or service not known\n&quot;,&quot;timestamp&quot;:&quot;2026-04-18T21:33:23.709237+00:00&quot;}`

Reproduce with:

    curl -X GET https://vecinita-gateway-lx27.onrender.com/api/v1/modal-jobs/scraper"/>
			<failure type="failure" message="1. Test Case ID: pjIcN7

- Server error

[500] Internal Server Error:

    `{&quot;error&quot;:&quot;Failed to list jobs: could not translate host name \&quot;dpg-d7chlqt7vvec73b700ng-a\&quot; to address: Name or service not known\n&quot;,&quot;timestamp&quot;:&quot;2026-04-18T21:33:23.709237+00:00&quot;}`

Reproduce with:

    curl -X GET https://vecinita-gateway-lx27.onrender.com/api/v1/modal-jobs/scraper"/>
			<failure type="failure" message="1. Test Case ID: pjIcN7

- Server error

[500] Internal Server Error:

    `{&quot;error&quot;:&quot;Failed to list jobs: could not translate host name \&quot;dpg-d7chlqt7vvec73b700ng-a\&quot; to address: Name or service not known\n&quot;,&quot;timestamp&quot;:&quot;2026-04-18T21:33:23.709237+00:00&quot;}`

Reproduce with:

    curl -X GET https://vecinita-gateway-lx27.onrender.com/api/v1/modal-jobs/scraper"/>
		</testcase>
		<testcase name="GET /api/v1/scrape/history" time="2.371436"/>
		<testcase name="GET /api/v1/scrape/stats" time="0.458065"/>
		<testcase name="GET /config" time="1.147072"/>
		<testcase name="GET /health" time="0.542112"/>
		<testcase name="GET /integrations/status" time="0.543114"/>
		<testcase name="DELETE /api/v1/modal-jobs/registry/{gateway_job_id}" time="1.579175"/>
		<testcase name="GET /api/v1/scrape/{job_id}" time="1.402018"/>
		<testcase name="POST /api/v1/modal-jobs/scraper/{job_id}/cancel" time="32.574616">
			<failure type="failure" message="1. Test Case ID: Daym7n

- Server error

[500] Internal Server Error:

    `{&quot;error&quot;:&quot;Failed to get job status: could not translate host name \&quot;dpg-d7chlqt7vvec73b700ng-a\&quot; to address: Name or service not known\n&quot;,&quot;timestamp&quot;:&quot;2026-04-18T21:33:36.349676+00:00&quot;}`

Reproduce with:

    curl -X POST https://vecinita-gateway-lx27.onrender.com/api/v1/modal-jobs/scraper/7def2849-d0d2-436c-8d44-8009502d8ca2/cancel"/>
			<failure type="failure" message="1. Test Case ID: Daym7n

- Server error

[500] Internal Server Error:

    `{&quot;error&quot;:&quot;Failed to get job status: could not translate host name \&quot;dpg-d7chlqt7vvec73b700ng-a\&quot; to address: Name or service not known\n&quot;,&quot;timestamp&quot;:&quot;2026-04-18T21:33:36.349676+00:00&quot;}`

Reproduce with:

    curl -X POST https://vecinita-gateway-lx27.onrender.com/api/v1/modal-jobs/scraper/7def2849-d0d2-436c-8d44-8009502d8ca2/cancel"/>
			<failure type="failure" message="1. Test Case ID: Daym7n

- Server error

[500] Internal Server Error:

    `{&quot;error&quot;:&quot;Failed to get job status: could not translate host name \&quot;dpg-d7chlqt7vvec73b700ng-a\&quot; to address: Name or service not known\n&quot;,&quot;timestamp&quot;:&quot;2026-04-18T21:33:36.349676+00:00&quot;}`

Reproduce with:

    curl -X POST https://vecinita-gateway-lx27.onrender.com/api/v1/modal-jobs/scraper/7def2849-d0d2-436c-8d44-8009502d8ca2/cancel"/>
		</testcase>
		<testcase name="POST /api/v1/scrape/{job_id}/cancel" time="1.387366"/>
		<testcase name="GET /api/v1/modal-jobs/scraper/{job_id}" time="57.843174">
			<failure type="failure" message="1. Test Case ID: LZckOO

- Server error

[500] Internal Server Error:

    `{&quot;error&quot;:&quot;Failed to get job status: could not translate host name \&quot;dpg-d7chlqt7vvec73b700ng-a\&quot; to address: Name or service not known\n&quot;,&quot;timestamp&quot;:&quot;2026-04-18T21:33:41.629415+00:00&quot;}`

Reproduce with:

    curl -X GET https://vecinita-gateway-lx27.onrender.com/api/v1/modal-jobs/scraper/7def2849-d0d2-436c-8d44-8009502d8ca2"/>
			<failure type="failure" message="1. Test Case ID: LZckOO

- Server error

[500] Internal Server Error:

    `{&quot;error&quot;:&quot;Failed to get job status: could not translate host name \&quot;dpg-d7chlqt7vvec73b700ng-a\&quot; to address: Name or service not known\n&quot;,&quot;timestamp&quot;:&quot;2026-04-18T21:33:41.629415+00:00&quot;}`

Reproduce with:

    curl -X GET https://vecinita-gateway-lx27.onrender.com/api/v1/modal-jobs/scraper/7def2849-d0d2-436c-8d44-8009502d8ca2"/>
			<failure type="failure" message="1. Test Case ID: LZckOO

- Server error

[500] Internal Server Error:

    `{&quot;error&quot;:&quot;Failed to get job status: could not translate host name \&quot;dpg-d7chlqt7vvec73b700ng-a\&quot; to address: Name or service not known\n&quot;,&quot;timestamp&quot;:&quot;2026-04-18T21:33:41.629415+00:00&quot;}`

Reproduce with:

    curl -X GET https://vecinita-gateway-lx27.onrender.com/api/v1/modal-jobs/scraper/7def2849-d0d2-436c-8d44-8009502d8ca2"/>
		</testcase>
	</testsuite>
</testsuites>
