<?xml version="1.0" encoding="utf-8"?><testsuites name="pytest tests"><testsuite name="pytest" errors="0" failures="0" skipped="62" tests="97" time="589.863" timestamp="2026-04-29T00:28:24.815217+00:00" hostname="coder1281aonubuntu2004-s-2vcpu-8gb-amd-nyc3-01"><properties>
[...]
</properties><testcase classname="tests.integration.test_api_schema_schemathesis" name="test_gateway_openapi_schema" time="211.682" /><testcase classname="tests.integration.test_api_schema_schemathesis" name="test_gateway_openapi_schema[GET /]" time="0.198" /><testcase classname="tests.integration.test_api_schema_schemathesis" name="test_gateway_openapi_schema[GET /health]" time="0.209" /><testcase classname="tests.integration.test_api_schema_schemathesis" name="test_gateway_openapi_schema[GET /integrations/status]" time="0.232" /><testcase classname="tests.integration.test_api_schema_schemathesis" name="test_gateway_openapi_schema[GET /config]" time="0.179" /><testcase classname="tests.integration.test_api_schema_schemathesis" name="test_gateway_openapi_schema[GET /api/v1/ask]" time="3.913" /><testcase classname="tests.integration.test_api_schema_schemathesis" name="test_gateway_openapi_schema[GET /api/v1/ask/stream]" time="3.856" /><testcase classname="tests.integration.test_api_schema_schemathesis" name="test_gateway_openapi_schema[GET /api/v1/ask/config]" time="0.166" /><testcase classname="tests.integration.test_api_schema_schemathesis" name="test_gateway_openapi_schema[POST /api/v1/scrape]" time="2.082" /><testcase classname="tests.integration.test_api_schema_schemathesis" name="test_gateway_openapi_schema[GET /api/v1/scrape/history]" time="1.871" /><testcase classname="tests.integration.test_api_schema_schemathesis" name="test_gateway_openapi_schema[GET /api/v1/scrape/stats]" time="0.232" /><testcase classname="tests.integration.test_api_schema_schemathesis" name="test_gateway_openapi_schema[POST /api/v1/scrape/cleanup]" time="0.178" /><testcase classname="tests.integration.test_api_schema_schemathesis" name="test_gateway_openapi_schema[GET /api/v1/scrape/{job_id}]" time="1.282" /><testcase classname="tests.integration.test_api_schema_schemathesis" name="test_gateway_openapi_schema[POST /api/v1/scrape/{job_id}/cancel]" time="0.732" /><testcase classname="tests.integration.test_api_schema_schemathesis" name="test_gateway_openapi_schema[POST /api/v1/embed]" time="1.809" /><testcase classname="tests.integration.test_api_schema_schemathesis" name="test_gateway_openapi_schema[POST /api/v1/embed/batch]" time="1.872" /><testcase classname="tests.integration.test_api_schema_schemathesis" name="test_gateway_openapi_schema[POST /api/v1/embed/similarity]" time="2.301" /><testcase classname="tests.integration.test_api_schema_schemathesis" name="test_gateway_openapi_schema[GET /api/v1/embed/config]" time="0.251" /><testcase classname="tests.integration.test_api_schema_schemathesis" name="test_gateway_openapi_schema[POST /api/v1/embed/config]" time="1.452" /><testcase classname="tests.integration.test_api_schema_schemathesis" name="test_gateway_openapi_schema[POST /api/v1/modal-jobs/scraper]" time="3.353" /><testcase classname="tests.integration.test_api_schema_schemathesis" name="test_gateway_openapi_schema[GET /api/v1/modal-jobs/scraper]" time="2.932" /><testcase classname="tests.integration.test_api_schema_schemathesis" name="test_gateway_openapi_schema[GET /api/v1/modal-jobs/scraper/{job_id}]" time="1.471" /><testcase classname="tests.integration.test_api_schema_schemathesis" name="test_gateway_openapi_schema[POST /api/v1/modal-jobs/scraper/{job_id}/cancel]" time="1.431" /><testcase classname="tests.integration.test_api_schema_schemathesis" name="test_gateway_openapi_schema[POST /api/v1/modal-jobs/reindex/spawn]" time="3.082" /><testcase classname="tests.integration.test_api_schema_schemathesis" name="test_gateway_openapi_schema[GET /api/v1/modal-jobs/registry]" time="1.977" /><testcase classname="tests.integration.test_api_schema_schemathesis" name="test_gateway_openapi_schema[GET /api/v1/modal-jobs/registry/{gateway_job_id}]" time="1.230" /><testcase classname="tests.integration.test_api_schema_schemathesis" name="test_gateway_openapi_schema[DELETE /api/v1/modal-jobs/registry/{gateway_job_id}]" time="0.912" /><testcase classname="tests.integration.test_api_schema_schemathesis" name="test_gateway_openapi_schema[GET /api/v1/documents/overview]" time="2.319" /><testcase classname="tests.integration.test_api_schema_schemathesis" name="test_gateway_openapi_schema[GET /api/v1/documents/preview]" time="1.293" /><testcase classname="tests.integration.test_api_schema_schemathesis" name="test_gateway_openapi_schema[GET /api/v1/documents/download-url]" time="1.005" /><testcase classname="tests.integration.test_api_schema_schemathesis" name="test_gateway_openapi_schema[GET /api/v1/documents/chunk-statistics]" time="1.144" /><testcase classname="tests.integration.test_api_schema_schemathesis" name="test_gateway_openapi_schema[GET /api/v1/documents/tags]" time="2.396" /><testcase classname="tests.integration.test_api_schema_schemathesis" name="test_gateway_openapi_response_schema_contract" time="181.294" /><testcase classname="tests.integration.test_api_schema_schemathesis" name="test_gateway_openapi_response_schema_contract[GET /]" time="0.012"><skipped type="pytest.skip" message="Operation excluded from response schema conformance tier">/root/GitHub/VECINA/vecinita/backend/tests/integration/test_api_schema_schemathesis.py:455: Operation excluded from response schema conformance tier</skipped></testcase><testcase classname="tests.integration.test_api_schema_schemathesis" name="test_gateway_openapi_response_schema_contract[GET /health]" time="0.002"><skipped type="pytest.skip" message="Operation excluded from response schema conformance tier">/root/GitHub/VECINA/vecinita/backend/tests/integration/test_api_schema_schemathesis.py:455: Operation excluded from response schema conformance tier</skipped></testcase><testcase classname="tests.integration.test_api_schema_schemathesis" name="test_gateway_openapi_response_schema_contract[GET /integrations/status]" time="0.003"><skipped type="pytest.skip" message="Operation excluded from response schema conformance tier">/root/GitHub/VECINA/vecinita/backend/tests/integration/test_api_schema_schemathesis.py:455: Operation excluded from response schema conformance tier</skipped></testcase><testcase classname="tests.integration.test_api_schema_schemathesis" name="test_gateway_openapi_response_schema_contract[GET /config]" time="0.011"><skipped type="pytest.skip" message="Operation excluded from response schema conformance tier">/root/GitHub/VECINA/vecinita/backend/tests/integration/test_api_schema_schemathesis.py:455: Operation excluded from response schema conformance tier</skipped></testcase><testcase classname="tests.integration.test_api_schema_schemathesis" name="test_gateway_openapi_response_schema_contract[GET /api/v1/ask]" time="0.003"><skipped type="pytest.skip" message="Operation excluded from response schema conformance tier">/root/GitHub/VECINA/vecinita/backend/tests/integration/test_api_schema_schemathesis.py:455: Operation excluded from response schema conformance tier</skipped></testcase><testcase classname="tests.integration.test_api_schema_schemathesis" name="test_gateway_openapi_response_schema_contract[GET /api/v1/ask/stream]" time="0.009"><skipped type="pytest.skip" message="Operation excluded from response schema conformance tier">/root/GitHub/VECINA/vecinita/backend/tests/integration/test_api_schema_schemathesis.py:455: Operation excluded from response schema conformance tier</skipped></testcase><testcase classname="tests.integration.test_api_schema_schemathesis" name="test_gateway_openapi_response_schema_contract[GET /api/v1/ask/config]" time="0.007"><skipped type="pytest.skip" message="Operation excluded from response schema conformance tier">/root/GitHub/VECINA/vecinita/backend/tests/integration/test_api_schema_schemathesis.py:455: Operation excluded from response schema conformance tier</skipped></testcase><testcase classname="tests.integration.test_api_schema_schemathesis" name="test_gateway_openapi_response_schema_contract[POST /api/v1/scrape]" time="0.002"><skipped type="pytest.skip" message="Operation excluded from response schema conformance tier">/root/GitHub/VECINA/vecinita/backend/tests/integration/test_api_schema_schemathesis.py:455: Operation excluded from response schema conformance tier</skipped></testcase><testcase classname="tests.integration.test_api_schema_schemathesis" name="test_gateway_openapi_response_schema_contract[GET /api/v1/scrape/history]" time="0.020"><skipped type="pytest.skip" message="Operation excluded from response schema conformance tier">/root/GitHub/VECINA/vecinita/backend/tests/integration/test_api_schema_schemathesis.py:455: Operation excluded from response schema conformance tier</skipped></testcase><testcase classname="tests.integration.test_api_schema_schemathesis" name="test_gateway_openapi_response_schema_contract[GET /api/v1/scrape/stats]" time="0.009"><skipped type="pytest.skip" message="Operation excluded from response schema conformance tier">/root/GitHub/VECINA/vecinita/backend/tests/integration/test_api_schema_schemathesis.py:455: Operation excluded from response schema conformance tier</skipped></testcase><testcase classname="tests.integration.test_api_schema_schemathesis" name="test_gateway_openapi_response_schema_contract[POST /api/v1/scrape/cleanup]" time="0.003"><skipped type="pytest.skip" message="Operation excluded from response schema conformance tier">/root/GitHub/VECINA/vecinita/backend/tests/integration/test_api_schema_schemathesis.py:455: Operation excluded from response schema conformance tier</skipped></testcase><testcase classname="tests.integration.test_api_schema_schemathesis" name="test_gateway_openapi_response_schema_contract[GET /api/v1/scrape/{job_id}]" time="0.011"><skipped type="pytest.skip" message="Operation excluded from response schema conformance tier">/root/GitHub/VECINA/vecinita/backend/tests/integration/test_api_schema_schemathesis.py:455: Operation excluded from response schema conformance tier</skipped></testcase><testcase classname="tests.integration.test_api_schema_schemathesis" name="test_gateway_openapi_response_schema_contract[POST /api/v1/scrape/{job_id}/cancel]" time="0.003"><skipped type="pytest.skip" message="Operation excluded from response schema conformance tier">/root/GitHub/VECINA/vecinita/backend/tests/integration/test_api_schema_schemathesis.py:455: Operation excluded from response schema conformance tier</skipped></testcase><testcase classname="tests.integration.test_api_schema_schemathesis" name="test_gateway_openapi_response_schema_contract[POST /api/v1/embed]" time="0.003"><skipped type="pytest.skip" message="Operation excluded from response schema conformance tier">/root/GitHub/VECINA/vecinita/backend/tests/integration/test_api_schema_schemathesis.py:455: Operation excluded from response schema conformance tier</skipped></testcase><testcase classname="tests.integration.test_api_schema_schemathesis" name="test_gateway_openapi_response_schema_contract[POST /api/v1/embed/batch]" time="0.002"><skipped type="pytest.skip" message="Operation excluded from response schema conformance tier">/root/GitHub/VECINA/vecinita/backend/tests/integration/test_api_schema_schemathesis.py:455: Operation excluded from response schema conformance tier</skipped></testcase><testcase classname="tests.integration.test_api_schema_schemathesis" name="test_gateway_openapi_response_schema_contract[POST /api/v1/embed/similarity]" time="0.002"><skipped type="pytest.skip" message="Operation excluded from response schema conformance tier">/root/GitHub/VECINA/vecinita/backend/tests/integration/test_api_schema_schemathesis.py:455: Operation excluded from response schema conformance tier</skipped></testcase><testcase classname="tests.integration.test_api_schema_schemathesis" name="test_gateway_openapi_response_schema_contract[GET /api/v1/embed/config]" time="0.004"><skipped type="pytest.skip" message="Operation excluded from response schema conformance tier">/root/GitHub/VECINA/vecinita/backend/tests/integration/test_api_schema_schemathesis.py:455: Operation excluded from response schema conformance tier</skipped></testcase><testcase classname="tests.integration.test_api_schema_schemathesis" name="test_gateway_openapi_response_schema_contract[POST /api/v1/embed/config]" time="0.008"><skipped type="pytest.skip" message="Operation excluded from response schema conformance tier">/root/GitHub/VECINA/vecinita/backend/tests/integration/test_api_schema_schemathesis.py:455: Operation excluded from response schema conformance tier</skipped></testcase><testcase classname="tests.integration.test_api_schema_schemathesis" name="test_gateway_openapi_response_schema_contract[POST /api/v1/modal-jobs/scraper]" time="0.002"><skipped type="pytest.skip" message="Operation excluded from response schema conformance tier">/root/GitHub/VECINA/vecinita/backend/tests/integration/test_api_schema_schemathesis.py:455: Operation excluded from response schema conformance tier</skipped></testcase><testcase classname="tests.integration.test_api_schema_schemathesis" name="test_gateway_openapi_response_schema_contract[GET /api/v1/modal-jobs/scraper]" time="0.003"><skipped type="pytest.skip" message="Operation excluded from response schema conformance tier">/root/GitHub/VECINA/vecinita/backend/tests/integration/test_api_schema_schemathesis.py:455: Operation excluded from response schema conformance tier</skipped></testcase><testcase classname="tests.integration.test_api_schema_schemathesis" name="test_gateway_openapi_response_schema_contract[GET /api/v1/modal-jobs/scraper/{job_id}]" time="0.003"><skipped type="pytest.skip" message="Operation excluded from response schema conformance tier">/root/GitHub/VECINA/vecinita/backend/tests/integration/test_api_schema_schemathesis.py:455: Operation excluded from response schema conformance tier</skipped></testcase><testcase classname="tests.integration.test_api_schema_schemathesis" name="test_gateway_openapi_response_schema_contract[POST /api/v1/modal-jobs/scraper/{job_id}/cancel]" time="0.005"><skipped type="pytest.skip" message="Operation excluded from response schema conformance tier">/root/GitHub/VECINA/vecinita/backend/tests/integration/test_api_schema_schemathesis.py:455: Operation excluded from response schema conformance tier</skipped></testcase><testcase classname="tests.integration.test_api_schema_schemathesis" name="test_gateway_openapi_response_schema_contract[POST /api/v1/modal-jobs/reindex/spawn]" time="0.008"><skipped type="pytest.skip" message="Operation excluded from response schema conformance tier">/root/GitHub/VECINA/vecinita/backend/tests/integration/test_api_schema_schemathesis.py:455: Operation excluded from response schema conformance tier</skipped></testcase><testcase classname="tests.integration.test_api_schema_schemathesis" name="test_gateway_openapi_response_schema_contract[GET /api/v1/modal-jobs/registry]" time="0.003"><skipped type="pytest.skip" message="Operation excluded from response schema conformance tier">/root/GitHub/VECINA/vecinita/backend/tests/integration/test_api_schema_schemathesis.py:455: Operation excluded from response schema conformance tier</skipped></testcase><testcase classname="tests.integration.test_api_schema_schemathesis" name="test_gateway_openapi_response_schema_contract[GET /api/v1/modal-jobs/registry/{gateway_job_id}]" time="0.003"><skipped type="pytest.skip" message="Operation excluded from response schema conformance tier">/root/GitHub/VECINA/vecinita/backend/tests/integration/test_api_schema_schemathesis.py:455: Operation excluded from response schema conformance tier</skipped></testcase><testcase classname="tests.integration.test_api_schema_schemathesis" name="test_gateway_openapi_response_schema_contract[DELETE /api/v1/modal-jobs/registry/{gateway_job_id}]" time="0.006"><skipped type="pytest.skip" message="Operation excluded from response schema conformance tier">/root/GitHub/VECINA/vecinita/backend/tests/integration/test_api_schema_schemathesis.py:455: Operation excluded from response schema conformance tier</skipped></testcase><testcase classname="tests.integration.test_api_schema_schemathesis" name="test_gateway_openapi_response_schema_contract[GET /api/v1/documents/overview]" time="0.544"><skipped type="pytest.skip" message="Operation excluded from response schema conformance tier">/root/GitHub/VECINA/vecinita/backend/tests/integration/test_api_schema_schemathesis.py:455: Operation excluded from response schema conformance tier</skipped></testcase><testcase classname="tests.integration.test_api_schema_schemathesis" name="test_gateway_openapi_response_schema_contract[GET /api/v1/documents/preview]" time="0.003"><skipped type="pytest.skip" message="Operation excluded from response schema conformance tier">/root/GitHub/VECINA/vecinita/backend/tests/integration/test_api_schema_schemathesis.py:455: Operation excluded from response schema conformance tier</skipped></testcase><testcase classname="tests.integration.test_api_schema_schemathesis" name="test_gateway_openapi_response_schema_contract[GET /api/v1/documents/download-url]" time="0.008"><skipped type="pytest.skip" message="Operation excluded from response schema conformance tier">/root/GitHub/VECINA/vecinita/backend/tests/integration/test_api_schema_schemathesis.py:455: Operation excluded from response schema conformance tier</skipped></testcase><testcase classname="tests.integration.test_api_schema_schemathesis" name="test_gateway_openapi_response_schema_contract[GET /api/v1/documents/chunk-statistics]" time="0.007"><skipped type="pytest.skip" message="Operation excluded from response schema conformance tier">/root/GitHub/VECINA/vecinita/backend/tests/integration/test_api_schema_schemathesis.py:455: Operation excluded from response schema conformance tier</skipped></testcase><testcase classname="tests.integration.test_api_schema_schemathesis" name="test_gateway_openapi_response_schema_contract[GET /api/v1/documents/tags]" time="0.010"><skipped type="pytest.skip" message="Operation excluded from response schema conformance tier">/root/GitHub/VECINA/vecinita/backend/tests/integration/test_api_schema_schemathesis.py:455: Operation excluded from response schema conformance tier</skipped></testcase><testcase classname="tests.integration.test_api_schema_schemathesis" name="test_gateway_ask_with_bearer_auth" time="196.474" /><testcase classname="tests.integration.test_api_schema_schemathesis" name="test_gateway_ask_with_bearer_auth[GET /]" time="0.006"><skipped type="pytest.skip" message="Auth-tier Schemathesis targets GET /api/v1/ask only">/root/GitHub/VECINA/vecinita/backend/tests/integration/test_api_schema_schemathesis.py:476: Auth-tier Schemathesis targets GET /api/v1/ask only</skipped></testcase><testcase classname="tests.integration.test_api_schema_schemathesis" name="test_gateway_ask_with_bearer_auth[GET /health]" time="0.010"><skipped type="pytest.skip" message="Auth-tier Schemathesis targets GET /api/v1/ask only">/root/GitHub/VECINA/vecinita/backend/tests/integration/test_api_schema_schemathesis.py:476: Auth-tier Schemathesis targets GET /api/v1/ask only</skipped></testcase><testcase classname="tests.integration.test_api_schema_schemathesis" name="test_gateway_ask_with_bearer_auth[GET /integrations/status]" time="0.002"><skipped type="pytest.skip" message="Auth-tier Schemathesis targets GET /api/v1/ask only">/root/GitHub/VECINA/vecinita/backend/tests/integration/test_api_schema_schemathesis.py:476: Auth-tier Schemathesis targets GET /api/v1/ask only</skipped></testcase><testcase classname="tests.integration.test_api_schema_schemathesis" name="test_gateway_ask_with_bearer_auth[GET /config]" time="0.006"><skipped type="pytest.skip" message="Auth-tier Schemathesis targets GET /api/v1/ask only">/root/GitHub/VECINA/vecinita/backend/tests/integration/test_api_schema_schemathesis.py:476: Auth-tier Schemathesis targets GET /api/v1/ask only</skipped></testcase><testcase classname="tests.integration.test_api_schema_schemathesis" name="test_gateway_ask_with_bearer_auth[GET /api/v1/ask]" time="2.094"><skipped type="pytest.skip" message="Auth-tier Schemathesis targets GET /api/v1/ask only">/root/GitHub/VECINA/vecinita/backend/tests/integration/test_api_schema_schemathesis.py:476: Auth-tier Schemathesis targets GET /api/v1/ask only</skipped></testcase><testcase classname="tests.integration.test_api_schema_schemathesis" name="test_gateway_ask_with_bearer_auth[GET /api/v1/ask/stream]" time="0.008"><skipped type="pytest.skip" message="Auth-tier Schemathesis targets GET /api/v1/ask only">/root/GitHub/VECINA/vecinita/backend/tests/integration/test_api_schema_schemathesis.py:476: Auth-tier Schemathesis targets GET /api/v1/ask only</skipped></testcase><testcase classname="tests.integration.test_api_schema_schemathesis" name="test_gateway_ask_with_bearer_auth[GET /api/v1/ask/config]" time="0.003"><skipped type="pytest.skip" message="Auth-tier Schemathesis targets GET /api/v1/ask only">/root/GitHub/VECINA/vecinita/backend/tests/integration/test_api_schema_schemathesis.py:476: Auth-tier Schemathesis targets GET /api/v1/ask only</skipped></testcase><testcase classname="tests.integration.test_api_schema_schemathesis" name="test_gateway_ask_with_bearer_auth[POST /api/v1/scrape]" time="0.007"><skipped type="pytest.skip" message="Auth-tier Schemathesis targets GET /api/v1/ask only">/root/GitHub/VECINA/vecinita/backend/tests/integration/test_api_schema_schemathesis.py:476: Auth-tier Schemathesis targets GET /api/v1/ask only</skipped></testcase><testcase classname="tests.integration.test_api_schema_schemathesis" name="test_gateway_ask_with_bearer_auth[GET /api/v1/scrape/history]" time="0.008"><skipped type="pytest.skip" message="Auth-tier Schemathesis targets GET /api/v1/ask only">/root/GitHub/VECINA/vecinita/backend/tests/integration/test_api_schema_schemathesis.py:476: Auth-tier Schemathesis targets GET /api/v1/ask only</skipped></testcase><testcase classname="tests.integration.test_api_schema_schemathesis" name="test_gateway_ask_with_bearer_auth[GET /api/v1/scrape/stats]" time="0.008"><skipped type="pytest.skip" message="Auth-tier Schemathesis targets GET /api/v1/ask only">/root/GitHub/VECINA/vecinita/backend/tests/integration/test_api_schema_schemathesis.py:476: Auth-tier Schemathesis targets GET /api/v1/ask only</skipped></testcase><testcase classname="tests.integration.test_api_schema_schemathesis" name="test_gateway_ask_with_bearer_auth[POST /api/v1/scrape/cleanup]" time="0.002"><skipped type="pytest.skip" message="Auth-tier Schemathesis targets GET /api/v1/ask only">/root/GitHub/VECINA/vecinita/backend/tests/integration/test_api_schema_schemathesis.py:476: Auth-tier Schemathesis targets GET /api/v1/ask only</skipped></testcase><testcase classname="tests.integration.test_api_schema_schemathesis" name="test_gateway_ask_with_bearer_auth[GET /api/v1/scrape/{job_id}]" time="0.002"><skipped type="pytest.skip" message="Auth-tier Schemathesis targets GET /api/v1/ask only">/root/GitHub/VECINA/vecinita/backend/tests/integration/test_api_schema_schemathesis.py:476: Auth-tier Schemathesis targets GET /api/v1/ask only</skipped></testcase><testcase classname="tests.integration.test_api_schema_schemathesis" name="test_gateway_ask_with_bearer_auth[POST /api/v1/scrape/{job_id}/cancel]" time="0.006"><skipped type="pytest.skip" message="Auth-tier Schemathesis targets GET /api/v1/ask only">/root/GitHub/VECINA/vecinita/backend/tests/integration/test_api_schema_schemathesis.py:476: Auth-tier Schemathesis targets GET /api/v1/ask only</skipped></testcase><testcase classname="tests.integration.test_api_schema_schemathesis" name="test_gateway_ask_with_bearer_auth[POST /api/v1/embed]" time="0.001"><skipped type="pytest.skip" message="Auth-tier Schemathesis targets GET /api/v1/ask only">/root/GitHub/VECINA/vecinita/backend/tests/integration/test_api_schema_schemathesis.py:476: Auth-tier Schemathesis targets GET /api/v1/ask only</skipped></testcase><testcase classname="tests.integration.test_api_schema_schemathesis" name="test_gateway_ask_with_bearer_auth[POST /api/v1/embed/batch]" time="0.001"><skipped type="pytest.skip" message="Auth-tier Schemathesis targets GET /api/v1/ask only">/root/GitHub/VECINA/vecinita/backend/tests/integration/test_api_schema_schemathesis.py:476: Auth-tier Schemathesis targets GET /api/v1/ask only</skipped></testcase><testcase classname="tests.integration.test_api_schema_schemathesis" name="test_gateway_ask_with_bearer_auth[POST /api/v1/embed/similarity]" time="0.013"><skipped type="pytest.skip" message="Auth-tier Schemathesis targets GET /api/v1/ask only">/root/GitHub/VECINA/vecinita/backend/tests/integration/test_api_schema_schemathesis.py:476: Auth-tier Schemathesis targets GET /api/v1/ask only</skipped></testcase><testcase classname="tests.integration.test_api_schema_schemathesis" name="test_gateway_ask_with_bearer_auth[GET /api/v1/embed/config]" time="0.007"><skipped type="pytest.skip" message="Auth-tier Schemathesis targets GET /api/v1/ask only">/root/GitHub/VECINA/vecinita/backend/tests/integration/test_api_schema_schemathesis.py:476: Auth-tier Schemathesis targets GET /api/v1/ask only</skipped></testcase><testcase classname="tests.integration.test_api_schema_schemathesis" name="test_gateway_ask_with_bearer_auth[POST /api/v1/embed/config]" time="0.002"><skipped type="pytest.skip" message="Auth-tier Schemathesis targets GET /api/v1/ask only">/root/GitHub/VECINA/vecinita/backend/tests/integration/test_api_schema_schemathesis.py:476: Auth-tier Schemathesis targets GET /api/v1/ask only</skipped></testcase><testcase classname="tests.integration.test_api_schema_schemathesis" name="test_gateway_ask_with_bearer_auth[POST /api/v1/modal-jobs/scraper]" time="0.010"><skipped type="pytest.skip" message="Auth-tier Schemathesis targets GET /api/v1/ask only">/root/GitHub/VECINA/vecinita/backend/tests/integration/test_api_schema_schemathesis.py:476: Auth-tier Schemathesis targets GET /api/v1/ask only</skipped></testcase><testcase classname="tests.integration.test_api_schema_schemathesis" name="test_gateway_ask_with_bearer_auth[GET /api/v1/modal-jobs/scraper]" time="0.002"><skipped type="pytest.skip" message="Auth-tier Schemathesis targets GET /api/v1/ask only">/root/GitHub/VECINA/vecinita/backend/tests/integration/test_api_schema_schemathesis.py:476: Auth-tier Schemathesis targets GET /api/v1/ask only</skipped></testcase><testcase classname="tests.integration.test_api_schema_schemathesis" name="test_gateway_ask_with_bearer_auth[GET /api/v1/modal-jobs/scraper/{job_id}]" time="0.007"><skipped type="pytest.skip" message="Auth-tier Schemathesis targets GET /api/v1/ask only">/root/GitHub/VECINA/vecinita/backend/tests/integration/test_api_schema_schemathesis.py:476: Auth-tier Schemathesis targets GET /api/v1/ask only</skipped></testcase><testcase classname="tests.integration.test_api_schema_schemathesis" name="test_gateway_ask_with_bearer_auth[POST /api/v1/modal-jobs/scraper/{job_id}/cancel]" time="0.011"><skipped type="pytest.skip" message="Auth-tier Schemathesis targets GET /api/v1/ask only">/root/GitHub/VECINA/vecinita/backend/tests/integration/test_api_schema_schemathesis.py:476: Auth-tier Schemathesis targets GET /api/v1/ask only</skipped></testcase><testcase classname="tests.integration.test_api_schema_schemathesis" name="test_gateway_ask_with_bearer_auth[POST /api/v1/modal-jobs/reindex/spawn]" time="0.009"><skipped type="pytest.skip" message="Auth-tier Schemathesis targets GET /api/v1/ask only">/root/GitHub/VECINA/vecinita/backend/tests/integration/test_api_schema_schemathesis.py:476: Auth-tier Schemathesis targets GET /api/v1/ask only</skipped></testcase><testcase classname="tests.integration.test_api_schema_schemathesis" name="test_gateway_ask_with_bearer_auth[GET /api/v1/modal-jobs/registry]" time="0.002"><skipped type="pytest.skip" message="Auth-tier Schemathesis targets GET /api/v1/ask only">/root/GitHub/VECINA/vecinita/backend/tests/integration/test_api_schema_schemathesis.py:476: Auth-tier Schemathesis targets GET /api/v1/ask only</skipped></testcase><testcase classname="tests.integration.test_api_schema_schemathesis" name="test_gateway_ask_with_bearer_auth[GET /api/v1/modal-jobs/registry/{gateway_job_id}]" time="0.014"><skipped type="pytest.skip" message="Auth-tier Schemathesis targets GET /api/v1/ask only">/root/GitHub/VECINA/vecinita/backend/tests/integration/test_api_schema_schemathesis.py:476: Auth-tier Schemathesis targets GET /api/v1/ask only</skipped></testcase><testcase classname="tests.integration.test_api_schema_schemathesis" name="test_gateway_ask_with_bearer_auth[DELETE /api/v1/modal-jobs/registry/{gateway_job_id}]" time="0.002"><skipped type="pytest.skip" message="Auth-tier Schemathesis targets GET /api/v1/ask only">/root/GitHub/VECINA/vecinita/backend/tests/integration/test_api_schema_schemathesis.py:476: Auth-tier Schemathesis targets GET /api/v1/ask only</skipped></testcase><testcase classname="tests.integration.test_api_schema_schemathesis" name="test_gateway_ask_with_bearer_auth[GET /api/v1/documents/overview]" time="0.008"><skipped type="pytest.skip" message="Auth-tier Schemathesis targets GET /api/v1/ask only">/root/GitHub/VECINA/vecinita/backend/tests/integration/test_api_schema_schemathesis.py:476: Auth-tier Schemathesis targets GET /api/v1/ask only</skipped></testcase><testcase classname="tests.integration.test_api_schema_schemathesis" name="test_gateway_ask_with_bearer_auth[GET /api/v1/documents/preview]" time="0.006"><skipped type="pytest.skip" message="Auth-tier Schemathesis targets GET /api/v1/ask only">/root/GitHub/VECINA/vecinita/backend/tests/integration/test_api_schema_schemathesis.py:476: Auth-tier Schemathesis targets GET /api/v1/ask only</skipped></testcase><testcase classname="tests.integration.test_api_schema_schemathesis" name="test_gateway_ask_with_bearer_auth[GET /api/v1/documents/download-url]" time="0.002"><skipped type="pytest.skip" message="Auth-tier Schemathesis targets GET /api/v1/ask only">/root/GitHub/VECINA/vecinita/backend/tests/integration/test_api_schema_schemathesis.py:476: Auth-tier Schemathesis targets GET /api/v1/ask only</skipped></testcase><testcase classname="tests.integration.test_api_schema_schemathesis" name="test_gateway_ask_with_bearer_auth[GET /api/v1/documents/chunk-statistics]" time="0.009"><skipped type="pytest.skip" message="Auth-tier Schemathesis targets GET /api/v1/ask only">/root/GitHub/VECINA/vecinita/backend/tests/integration/test_api_schema_schemathesis.py:476: Auth-tier Schemathesis targets GET /api/v1/ask only</skipped></testcase><testcase classname="tests.integration.test_api_schema_schemathesis" name="test_gateway_ask_with_bearer_auth[GET /api/v1/documents/tags]" time="0.002"><skipped type="pytest.skip" message="Auth-tier Schemathesis targets GET /api/v1/ask only">/root/GitHub/VECINA/vecinita/backend/tests/integration/test_api_schema_schemathesis.py:476: Auth-tier Schemathesis targets GET /api/v1/ask only</skipped></testcase><testcase classname="tests.integration.test_api_schema_schemathesis" name="test_schemathesis_config_file_is_present" time="0.008" /></testsuite></testsuites>